| time  | reset |ARegis|DRegis|      PC[]       |
| 0     |   0   | 0000 | 0000 | 000000000000000 |
| 1     |   0   | 0010 | 0000 | 000000000000001 |
| 2     |   0   | 0010 | 0000 | 000000000000010 |
| 3     |   0   | 0011 | 0000 | 000000000000011 |
| 4     |   0   | 0011 | 0000 | 000000000000100 |
| 5     |   0   | 0011 | 0000 | 000000000000101 |
| 6     |   0   | 0011 | 0001 | 000000000000110 |
| 7     |   0   | 0064 | 0001 | 000000000000111 |
| 8     |   0   | 0064 | ff9d | 000000000001000 |
| 9     |   0   | 0012 | ff9d | 000000000001001 |
| 10    |   0   | 0012 | ff9d | 000000000001010 |
| 11    |   0   | 0011 | ff9d | 000000000001011 |
| 12    |   0   | 0011 | 0001 | 000000000001100 |
| 13    |   0   | 0010 | 0001 | 000000000001101 |
| 14    |   0   | 0010 | 0001 | 000000000001110 |
| 15    |   0   | 0011 | 0001 | 000000000001111 |
| 16    |   0   | 0011 | 0001 | 000000000010000 |
| 17    |   0   | 0004 | 0001 | 000000000010001 |
| 18    |   0   | 0004 | 0001 | 000000000000100 |
| 19    |   0   | 0011 | 0001 | 000000000000101 |
| 20    |   0   | 0011 | 0002 | 000000000000110 |
| 21    |   0   | 0064 | 0002 | 000000000000111 |
| 22    |   0   | 0064 | ff9e | 000000000001000 |
| 23    |   0   | 0012 | ff9e | 000000000001001 |
| 24    |   0   | 0012 | ff9e | 000000000001010 |
| 25    |   0   | 0011 | ff9e | 000000000001011 |
| 26    |   0   | 0011 | 0002 | 000000000001100 |
| 27    |   0   | 0010 | 0002 | 000000000001101 |
| 28    |   0   | 0010 | 0002 | 000000000001110 |
| 29    |   0   | 0011 | 0002 | 000000000001111 |
| 30    |   0   | 0011 | 0002 | 000000000010000 |
| 31    |   0   | 0004 | 0002 | 000000000010001 |
| 32    |   0   | 0004 | 0002 | 000000000000100 |
| 33    |   0   | 0011 | 0002 | 000000000000101 |
| 34    |   0   | 0011 | 0003 | 000000000000110 |
| 35    |   0   | 0064 | 0003 | 000000000000111 |
| 36    |   0   | 0064 | ff9f | 000000000001000 |
| 37    |   0   | 0012 | ff9f | 000000000001001 |
| 38    |   0   | 0012 | ff9f | 000000000001010 |
| 39    |   0   | 0011 | ff9f | 000000000001011 |
| 40    |   0   | 0011 | 0003 | 000000000001100 |
| 41    |   0   | 0010 | 0003 | 000000000001101 |
| 42    |   0   | 0010 | 0003 | 000000000001110 |
| 43    |   0   | 0011 | 0003 | 000000000001111 |
| 44    |   0   | 0011 | 0003 | 000000000010000 |
| 45    |   0   | 0004 | 0003 | 000000000010001 |
| 46    |   0   | 0004 | 0003 | 000000000000100 |
| 47    |   0   | 0011 | 0003 | 000000000000101 |
| 48    |   0   | 0011 | 0004 | 000000000000110 |
| 49    |   0   | 0064 | 0004 | 000000000000111 |
| 50    |   0   | 0064 | ffa0 | 000000000001000 |
| 51    |   0   | 0012 | ffa0 | 000000000001001 |
| 52    |   0   | 0012 | ffa0 | 000000000001010 |
| 53    |   0   | 0011 | ffa0 | 000000000001011 |
| 54    |   0   | 0011 | 0004 | 000000000001100 |
| 55    |   0   | 0010 | 0004 | 000000000001101 |
| 56    |   0   | 0010 | 0004 | 000000000001110 |
| 57    |   0   | 0011 | 0004 | 000000000001111 |
| 58    |   0   | 0011 | 0004 | 000000000010000 |
| 59    |   0   | 0004 | 0004 | 000000000010001 |
| 60    |   0   | 0004 | 0004 | 000000000000100 |
| 61    |   0   | 0011 | 0004 | 000000000000101 |
| 62    |   0   | 0011 | 0005 | 000000000000110 |
| 63    |   0   | 0064 | 0005 | 000000000000111 |
| 64    |   0   | 0064 | ffa1 | 000000000001000 |
| 65    |   0   | 0012 | ffa1 | 000000000001001 |
| 66    |   0   | 0012 | ffa1 | 000000000001010 |
| 67    |   0   | 0011 | ffa1 | 000000000001011 |
| 68    |   0   | 0011 | 0005 | 000000000001100 |
| 69    |   0   | 0010 | 0005 | 000000000001101 |
| 70    |   0   | 0010 | 0005 | 000000000001110 |
| 71    |   0   | 0011 | 0005 | 000000000001111 |
| 72    |   0   | 0011 | 0005 | 000000000010000 |
| 73    |   0   | 0004 | 0005 | 000000000010001 |
| 74    |   0   | 0004 | 0005 | 000000000000100 |
| 75    |   0   | 0011 | 0005 | 000000000000101 |
| 76    |   0   | 0011 | 0006 | 000000000000110 |
| 77    |   0   | 0064 | 0006 | 000000000000111 |
| 78    |   0   | 0064 | ffa2 | 000000000001000 |
| 79    |   0   | 0012 | ffa2 | 000000000001001 |
| 80    |   0   | 0012 | ffa2 | 000000000001010 |
| 81    |   0   | 0011 | ffa2 | 000000000001011 |
| 82    |   0   | 0011 | 0006 | 000000000001100 |
| 83    |   0   | 0010 | 0006 | 000000000001101 |
| 84    |   0   | 0010 | 0006 | 000000000001110 |
| 85    |   0   | 0011 | 0006 | 000000000001111 |
| 86    |   0   | 0011 | 0006 | 000000000010000 |
| 87    |   0   | 0004 | 0006 | 000000000010001 |
| 88    |   0   | 0004 | 0006 | 000000000000100 |
| 89    |   0   | 0011 | 0006 | 000000000000101 |
| 90    |   0   | 0011 | 0007 | 000000000000110 |
| 91    |   0   | 0064 | 0007 | 000000000000111 |
| 92    |   0   | 0064 | ffa3 | 000000000001000 |
| 93    |   0   | 0012 | ffa3 | 000000000001001 |
| 94    |   0   | 0012 | ffa3 | 000000000001010 |
| 95    |   0   | 0011 | ffa3 | 000000000001011 |
| 96    |   0   | 0011 | 0007 | 000000000001100 |
| 97    |   0   | 0010 | 0007 | 000000000001101 |
| 98    |   0   | 0010 | 0007 | 000000000001110 |
| 99    |   0   | 0011 | 0007 | 000000000001111 |
| 100   |   0   | 0011 | 0007 | 000000000010000 |
| 101   |   0   | 0004 | 0007 | 000000000010001 |
| 102   |   0   | 0004 | 0007 | 000000000000100 |
| 103   |   0   | 0011 | 0007 | 000000000000101 |
| 104   |   0   | 0011 | 0008 | 000000000000110 |
| 105   |   0   | 0064 | 0008 | 000000000000111 |
| 106   |   0   | 0064 | ffa4 | 000000000001000 |
| 107   |   0   | 0012 | ffa4 | 000000000001001 |
| 108   |   0   | 0012 | ffa4 | 000000000001010 |
| 109   |   0   | 0011 | ffa4 | 000000000001011 |
| 110   |   0   | 0011 | 0008 | 000000000001100 |
| 111   |   0   | 0010 | 0008 | 000000000001101 |
| 112   |   0   | 0010 | 0008 | 000000000001110 |
| 113   |   0   | 0011 | 0008 | 000000000001111 |
| 114   |   0   | 0011 | 0008 | 000000000010000 |
| 115   |   0   | 0004 | 0008 | 000000000010001 |
| 116   |   0   | 0004 | 0008 | 000000000000100 |
| 117   |   0   | 0011 | 0008 | 000000000000101 |
| 118   |   0   | 0011 | 0009 | 000000000000110 |
| 119   |   0   | 0064 | 0009 | 000000000000111 |
| 120   |   0   | 0064 | ffa5 | 000000000001000 |
| 121   |   0   | 0012 | ffa5 | 000000000001001 |
| 122   |   0   | 0012 | ffa5 | 000000000001010 |
| 123   |   0   | 0011 | ffa5 | 000000000001011 |
| 124   |   0   | 0011 | 0009 | 000000000001100 |
| 125   |   0   | 0010 | 0009 | 000000000001101 |
| 126   |   0   | 0010 | 0009 | 000000000001110 |
| 127   |   0   | 0011 | 0009 | 000000000001111 |
| 128   |   0   | 0011 | 0009 | 000000000010000 |
| 129   |   0   | 0004 | 0009 | 000000000010001 |
| 130   |   0   | 0004 | 0009 | 000000000000100 |
| 131   |   0   | 0011 | 0009 | 000000000000101 |
| 132   |   0   | 0011 | 000a | 000000000000110 |
| 133   |   0   | 0064 | 000a | 000000000000111 |
| 134   |   0   | 0064 | ffa6 | 000000000001000 |
| 135   |   0   | 0012 | ffa6 | 000000000001001 |
| 136   |   0   | 0012 | ffa6 | 000000000001010 |
| 137   |   0   | 0011 | ffa6 | 000000000001011 |
| 138   |   0   | 0011 | 000a | 000000000001100 |
| 139   |   0   | 0010 | 000a | 000000000001101 |
| 140   |   0   | 0010 | 000a | 000000000001110 |
| 141   |   0   | 0011 | 000a | 000000000001111 |
| 142   |   0   | 0011 | 000a | 000000000010000 |
| 143   |   0   | 0004 | 000a | 000000000010001 |
| 144   |   0   | 0004 | 000a | 000000000000100 |
| 145   |   0   | 0011 | 000a | 000000000000101 |
| 146   |   0   | 0011 | 000b | 000000000000110 |
| 147   |   0   | 0064 | 000b | 000000000000111 |
| 148   |   0   | 0064 | ffa7 | 000000000001000 |
| 149   |   0   | 0012 | ffa7 | 000000000001001 |
| 150   |   0   | 0012 | ffa7 | 000000000001010 |
| 151   |   0   | 0011 | ffa7 | 000000000001011 |
| 152   |   0   | 0011 | 000b | 000000000001100 |
| 153   |   0   | 0010 | 000b | 000000000001101 |
| 154   |   0   | 0010 | 000b | 000000000001110 |
| 155   |   0   | 0011 | 000b | 000000000001111 |
| 156   |   0   | 0011 | 000b | 000000000010000 |
| 157   |   0   | 0004 | 000b | 000000000010001 |
| 158   |   0   | 0004 | 000b | 000000000000100 |
| 159   |   0   | 0011 | 000b | 000000000000101 |
| 160   |   0   | 0011 | 000c | 000000000000110 |
| 161   |   0   | 0064 | 000c | 000000000000111 |
| 162   |   0   | 0064 | ffa8 | 000000000001000 |
| 163   |   0   | 0012 | ffa8 | 000000000001001 |
| 164   |   0   | 0012 | ffa8 | 000000000001010 |
| 165   |   0   | 0011 | ffa8 | 000000000001011 |
| 166   |   0   | 0011 | 000c | 000000000001100 |
| 167   |   0   | 0010 | 000c | 000000000001101 |
| 168   |   0   | 0010 | 000c | 000000000001110 |
| 169   |   0   | 0011 | 000c | 000000000001111 |
| 170   |   0   | 0011 | 000c | 000000000010000 |
| 171   |   0   | 0004 | 000c | 000000000010001 |
| 172   |   0   | 0004 | 000c | 000000000000100 |
| 173   |   0   | 0011 | 000c | 000000000000101 |
| 174   |   0   | 0011 | 000d | 000000000000110 |
| 175   |   0   | 0064 | 000d | 000000000000111 |
| 176   |   0   | 0064 | ffa9 | 000000000001000 |
| 177   |   0   | 0012 | ffa9 | 000000000001001 |
| 178   |   0   | 0012 | ffa9 | 000000000001010 |
| 179   |   0   | 0011 | ffa9 | 000000000001011 |
| 180   |   0   | 0011 | 000d | 000000000001100 |
| 181   |   0   | 0010 | 000d | 000000000001101 |
| 182   |   0   | 0010 | 000d | 000000000001110 |
| 183   |   0   | 0011 | 000d | 000000000001111 |
| 184   |   0   | 0011 | 000d | 000000000010000 |
| 185   |   0   | 0004 | 000d | 000000000010001 |
| 186   |   0   | 0004 | 000d | 000000000000100 |
| 187   |   0   | 0011 | 000d | 000000000000101 |
| 188   |   0   | 0011 | 000e | 000000000000110 |
| 189   |   0   | 0064 | 000e | 000000000000111 |
| 190   |   0   | 0064 | ffaa | 000000000001000 |
| 191   |   0   | 0012 | ffaa | 000000000001001 |
| 192   |   0   | 0012 | ffaa | 000000000001010 |
| 193   |   0   | 0011 | ffaa | 000000000001011 |
| 194   |   0   | 0011 | 000e | 000000000001100 |
| 195   |   0   | 0010 | 000e | 000000000001101 |
| 196   |   0   | 0010 | 000e | 000000000001110 |
| 197   |   0   | 0011 | 000e | 000000000001111 |
| 198   |   0   | 0011 | 000e | 000000000010000 |
| 199   |   0   | 0004 | 000e | 000000000010001 |
| 200   |   0   | 0004 | 000e | 000000000000100 |
| 201   |   0   | 0011 | 000e | 000000000000101 |
| 202   |   0   | 0011 | 000f | 000000000000110 |
| 203   |   0   | 0064 | 000f | 000000000000111 |
| 204   |   0   | 0064 | ffab | 000000000001000 |
| 205   |   0   | 0012 | ffab | 000000000001001 |
| 206   |   0   | 0012 | ffab | 000000000001010 |
| 207   |   0   | 0011 | ffab | 000000000001011 |
| 208   |   0   | 0011 | 000f | 000000000001100 |
| 209   |   0   | 0010 | 000f | 000000000001101 |
| 210   |   0   | 0010 | 000f | 000000000001110 |
| 211   |   0   | 0011 | 000f | 000000000001111 |
| 212   |   0   | 0011 | 000f | 000000000010000 |
| 213   |   0   | 0004 | 000f | 000000000010001 |
| 214   |   0   | 0004 | 000f | 000000000000100 |
| 215   |   0   | 0011 | 000f | 000000000000101 |
| 216   |   0   | 0011 | 0010 | 000000000000110 |
| 217   |   0   | 0064 | 0010 | 000000000000111 |
| 218   |   0   | 0064 | ffac | 000000000001000 |
| 219   |   0   | 0012 | ffac | 000000000001001 |
| 220   |   0   | 0012 | ffac | 000000000001010 |
| 221   |   0   | 0011 | ffac | 000000000001011 |
| 222   |   0   | 0011 | 0010 | 000000000001100 |
| 223   |   0   | 0010 | 0010 | 000000000001101 |
| 224   |   0   | 0010 | 0010 | 000000000001110 |
| 225   |   0   | 0011 | 0010 | 000000000001111 |
| 226   |   0   | 0011 | 0010 | 000000000010000 |
| 227   |   0   | 0004 | 0010 | 000000000010001 |
| 228   |   0   | 0004 | 0010 | 000000000000100 |
| 229   |   0   | 0011 | 0010 | 000000000000101 |
| 230   |   0   | 0011 | 0011 | 000000000000110 |
| 231   |   0   | 0064 | 0011 | 000000000000111 |
| 232   |   0   | 0064 | ffad | 000000000001000 |
| 233   |   0   | 0012 | ffad | 000000000001001 |
| 234   |   0   | 0012 | ffad | 000000000001010 |
| 235   |   0   | 0011 | ffad | 000000000001011 |
| 236   |   0   | 0011 | 0011 | 000000000001100 |
| 237   |   0   | 0010 | 0011 | 000000000001101 |
| 238   |   0   | 0010 | 0011 | 000000000001110 |
| 239   |   0   | 0011 | 0011 | 000000000001111 |
| 240   |   0   | 0011 | 0011 | 000000000010000 |
| 241   |   0   | 0004 | 0011 | 000000000010001 |
| 242   |   0   | 0004 | 0011 | 000000000000100 |
| 243   |   0   | 0011 | 0011 | 000000000000101 |
| 244   |   0   | 0011 | 0012 | 000000000000110 |
| 245   |   0   | 0064 | 0012 | 000000000000111 |
| 246   |   0   | 0064 | ffae | 000000000001000 |
| 247   |   0   | 0012 | ffae | 000000000001001 |
| 248   |   0   | 0012 | ffae | 000000000001010 |
| 249   |   0   | 0011 | ffae | 000000000001011 |
| 250   |   0   | 0011 | 0012 | 000000000001100 |
| 251   |   0   | 0010 | 0012 | 000000000001101 |
| 252   |   0   | 0010 | 0012 | 000000000001110 |
| 253   |   0   | 0011 | 0012 | 000000000001111 |
| 254   |   0   | 0011 | 0012 | 000000000010000 |
| 255   |   0   | 0004 | 0012 | 000000000010001 |
| 256   |   0   | 0004 | 0012 | 000000000000100 |
| 257   |   0   | 0011 | 0012 | 000000000000101 |
| 258   |   0   | 0011 | 0013 | 000000000000110 |
| 259   |   0   | 0064 | 0013 | 000000000000111 |
| 260   |   0   | 0064 | ffaf | 000000000001000 |
| 261   |   0   | 0012 | ffaf | 000000000001001 |
| 262   |   0   | 0012 | ffaf | 000000000001010 |
| 263   |   0   | 0011 | ffaf | 000000000001011 |
| 264   |   0   | 0011 | 0013 | 000000000001100 |
| 265   |   0   | 0010 | 0013 | 000000000001101 |
| 266   |   0   | 0010 | 0013 | 000000000001110 |
| 267   |   0   | 0011 | 0013 | 000000000001111 |
| 268   |   0   | 0011 | 0013 | 000000000010000 |
| 269   |   0   | 0004 | 0013 | 000000000010001 |
| 270   |   0   | 0004 | 0013 | 000000000000100 |
| 271   |   0   | 0011 | 0013 | 000000000000101 |
| 272   |   0   | 0011 | 0014 | 000000000000110 |
| 273   |   0   | 0064 | 0014 | 000000000000111 |
| 274   |   0   | 0064 | ffb0 | 000000000001000 |
| 275   |   0   | 0012 | ffb0 | 000000000001001 |
| 276   |   0   | 0012 | ffb0 | 000000000001010 |
| 277   |   0   | 0011 | ffb0 | 000000000001011 |
| 278   |   0   | 0011 | 0014 | 000000000001100 |
| 279   |   0   | 0010 | 0014 | 000000000001101 |
| 280   |   0   | 0010 | 0014 | 000000000001110 |
| 281   |   0   | 0011 | 0014 | 000000000001111 |
| 282   |   0   | 0011 | 0014 | 000000000010000 |
| 283   |   0   | 0004 | 0014 | 000000000010001 |
| 284   |   0   | 0004 | 0014 | 000000000000100 |
| 285   |   0   | 0011 | 0014 | 000000000000101 |
| 286   |   0   | 0011 | 0015 | 000000000000110 |
| 287   |   0   | 0064 | 0015 | 000000000000111 |
| 288   |   0   | 0064 | ffb1 | 000000000001000 |
| 289   |   0   | 0012 | ffb1 | 000000000001001 |
| 290   |   0   | 0012 | ffb1 | 000000000001010 |
| 291   |   0   | 0011 | ffb1 | 000000000001011 |
| 292   |   0   | 0011 | 0015 | 000000000001100 |
| 293   |   0   | 0010 | 0015 | 000000000001101 |
| 294   |   0   | 0010 | 0015 | 000000000001110 |
| 295   |   0   | 0011 | 0015 | 000000000001111 |
| 296   |   0   | 0011 | 0015 | 000000000010000 |
| 297   |   0   | 0004 | 0015 | 000000000010001 |
| 298   |   0   | 0004 | 0015 | 000000000000100 |
| 299   |   0   | 0011 | 0015 | 000000000000101 |
| 300   |   0   | 0011 | 0016 | 000000000000110 |
| 301   |   0   | 0064 | 0016 | 000000000000111 |
| 302   |   0   | 0064 | ffb2 | 000000000001000 |
| 303   |   0   | 0012 | ffb2 | 000000000001001 |
| 304   |   0   | 0012 | ffb2 | 000000000001010 |
| 305   |   0   | 0011 | ffb2 | 000000000001011 |
| 306   |   0   | 0011 | 0016 | 000000000001100 |
| 307   |   0   | 0010 | 0016 | 000000000001101 |
| 308   |   0   | 0010 | 0016 | 000000000001110 |
| 309   |   0   | 0011 | 0016 | 000000000001111 |
| 310   |   0   | 0011 | 0016 | 000000000010000 |
| 311   |   0   | 0004 | 0016 | 000000000010001 |
| 312   |   0   | 0004 | 0016 | 000000000000100 |
| 313   |   0   | 0011 | 0016 | 000000000000101 |
| 314   |   0   | 0011 | 0017 | 000000000000110 |
| 315   |   0   | 0064 | 0017 | 000000000000111 |
| 316   |   0   | 0064 | ffb3 | 000000000001000 |
| 317   |   0   | 0012 | ffb3 | 000000000001001 |
| 318   |   0   | 0012 | ffb3 | 000000000001010 |
| 319   |   0   | 0011 | ffb3 | 000000000001011 |
| 320   |   0   | 0011 | 0017 | 000000000001100 |
| 321   |   0   | 0010 | 0017 | 000000000001101 |
| 322   |   0   | 0010 | 0017 | 000000000001110 |
| 323   |   0   | 0011 | 0017 | 000000000001111 |
| 324   |   0   | 0011 | 0017 | 000000000010000 |
| 325   |   0   | 0004 | 0017 | 000000000010001 |
| 326   |   0   | 0004 | 0017 | 000000000000100 |
| 327   |   0   | 0011 | 0017 | 000000000000101 |
| 328   |   0   | 0011 | 0018 | 000000000000110 |
| 329   |   0   | 0064 | 0018 | 000000000000111 |
| 330   |   0   | 0064 | ffb4 | 000000000001000 |
| 331   |   0   | 0012 | ffb4 | 000000000001001 |
| 332   |   0   | 0012 | ffb4 | 000000000001010 |
| 333   |   0   | 0011 | ffb4 | 000000000001011 |
| 334   |   0   | 0011 | 0018 | 000000000001100 |
| 335   |   0   | 0010 | 0018 | 000000000001101 |
| 336   |   0   | 0010 | 0018 | 000000000001110 |
| 337   |   0   | 0011 | 0018 | 000000000001111 |
| 338   |   0   | 0011 | 0018 | 000000000010000 |
| 339   |   0   | 0004 | 0018 | 000000000010001 |
| 340   |   0   | 0004 | 0018 | 000000000000100 |
| 341   |   0   | 0011 | 0018 | 000000000000101 |
| 342   |   0   | 0011 | 0019 | 000000000000110 |
| 343   |   0   | 0064 | 0019 | 000000000000111 |
| 344   |   0   | 0064 | ffb5 | 000000000001000 |
| 345   |   0   | 0012 | ffb5 | 000000000001001 |
| 346   |   0   | 0012 | ffb5 | 000000000001010 |
| 347   |   0   | 0011 | ffb5 | 000000000001011 |
| 348   |   0   | 0011 | 0019 | 000000000001100 |
| 349   |   0   | 0010 | 0019 | 000000000001101 |
| 350   |   0   | 0010 | 0019 | 000000000001110 |
| 351   |   0   | 0011 | 0019 | 000000000001111 |
| 352   |   0   | 0011 | 0019 | 000000000010000 |
| 353   |   0   | 0004 | 0019 | 000000000010001 |
| 354   |   0   | 0004 | 0019 | 000000000000100 |
| 355   |   0   | 0011 | 0019 | 000000000000101 |
| 356   |   0   | 0011 | 001a | 000000000000110 |
| 357   |   0   | 0064 | 001a | 000000000000111 |
| 358   |   0   | 0064 | ffb6 | 000000000001000 |
| 359   |   0   | 0012 | ffb6 | 000000000001001 |
| 360   |   0   | 0012 | ffb6 | 000000000001010 |
| 361   |   0   | 0011 | ffb6 | 000000000001011 |
| 362   |   0   | 0011 | 001a | 000000000001100 |
| 363   |   0   | 0010 | 001a | 000000000001101 |
| 364   |   0   | 0010 | 001a | 000000000001110 |
| 365   |   0   | 0011 | 001a | 000000000001111 |
| 366   |   0   | 0011 | 001a | 000000000010000 |
| 367   |   0   | 0004 | 001a | 000000000010001 |
| 368   |   0   | 0004 | 001a | 000000000000100 |
| 369   |   0   | 0011 | 001a | 000000000000101 |
| 370   |   0   | 0011 | 001b | 000000000000110 |
| 371   |   0   | 0064 | 001b | 000000000000111 |
| 372   |   0   | 0064 | ffb7 | 000000000001000 |
| 373   |   0   | 0012 | ffb7 | 000000000001001 |
| 374   |   0   | 0012 | ffb7 | 000000000001010 |
| 375   |   0   | 0011 | ffb7 | 000000000001011 |
| 376   |   0   | 0011 | 001b | 000000000001100 |
| 377   |   0   | 0010 | 001b | 000000000001101 |
| 378   |   0   | 0010 | 001b | 000000000001110 |
| 379   |   0   | 0011 | 001b | 000000000001111 |
| 380   |   0   | 0011 | 001b | 000000000010000 |
| 381   |   0   | 0004 | 001b | 000000000010001 |
| 382   |   0   | 0004 | 001b | 000000000000100 |
| 383   |   0   | 0011 | 001b | 000000000000101 |
| 384   |   0   | 0011 | 001c | 000000000000110 |
| 385   |   0   | 0064 | 001c | 000000000000111 |
| 386   |   0   | 0064 | ffb8 | 000000000001000 |
| 387   |   0   | 0012 | ffb8 | 000000000001001 |
| 388   |   0   | 0012 | ffb8 | 000000000001010 |
| 389   |   0   | 0011 | ffb8 | 000000000001011 |
| 390   |   0   | 0011 | 001c | 000000000001100 |
| 391   |   0   | 0010 | 001c | 000000000001101 |
| 392   |   0   | 0010 | 001c | 000000000001110 |
| 393   |   0   | 0011 | 001c | 000000000001111 |
| 394   |   0   | 0011 | 001c | 000000000010000 |
| 395   |   0   | 0004 | 001c | 000000000010001 |
| 396   |   0   | 0004 | 001c | 000000000000100 |
| 397   |   0   | 0011 | 001c | 000000000000101 |
| 398   |   0   | 0011 | 001d | 000000000000110 |
| 399   |   0   | 0064 | 001d | 000000000000111 |
| 400   |   0   | 0064 | ffb9 | 000000000001000 |
| 401   |   0   | 0012 | ffb9 | 000000000001001 |
| 402   |   0   | 0012 | ffb9 | 000000000001010 |
| 403   |   0   | 0011 | ffb9 | 000000000001011 |
| 404   |   0   | 0011 | 001d | 000000000001100 |
| 405   |   0   | 0010 | 001d | 000000000001101 |
| 406   |   0   | 0010 | 001d | 000000000001110 |
| 407   |   0   | 0011 | 001d | 000000000001111 |
| 408   |   0   | 0011 | 001d | 000000000010000 |
| 409   |   0   | 0004 | 001d | 000000000010001 |
| 410   |   0   | 0004 | 001d | 000000000000100 |
| 411   |   0   | 0011 | 001d | 000000000000101 |
| 412   |   0   | 0011 | 001e | 000000000000110 |
| 413   |   0   | 0064 | 001e | 000000000000111 |
| 414   |   0   | 0064 | ffba | 000000000001000 |
| 415   |   0   | 0012 | ffba | 000000000001001 |
| 416   |   0   | 0012 | ffba | 000000000001010 |
| 417   |   0   | 0011 | ffba | 000000000001011 |
| 418   |   0   | 0011 | 001e | 000000000001100 |
| 419   |   0   | 0010 | 001e | 000000000001101 |
| 420   |   0   | 0010 | 001e | 000000000001110 |
| 421   |   0   | 0011 | 001e | 000000000001111 |
| 422   |   0   | 0011 | 001e | 000000000010000 |
| 423   |   0   | 0004 | 001e | 000000000010001 |
| 424   |   0   | 0004 | 001e | 000000000000100 |
| 425   |   0   | 0011 | 001e | 000000000000101 |
| 426   |   0   | 0011 | 001f | 000000000000110 |
| 427   |   0   | 0064 | 001f | 000000000000111 |
| 428   |   0   | 0064 | ffbb | 000000000001000 |
| 429   |   0   | 0012 | ffbb | 000000000001001 |
| 430   |   0   | 0012 | ffbb | 000000000001010 |
| 431   |   0   | 0011 | ffbb | 000000000001011 |
| 432   |   0   | 0011 | 001f | 000000000001100 |
| 433   |   0   | 0010 | 001f | 000000000001101 |
| 434   |   0   | 0010 | 001f | 000000000001110 |
| 435   |   0   | 0011 | 001f | 000000000001111 |
| 436   |   0   | 0011 | 001f | 000000000010000 |
| 437   |   0   | 0004 | 001f | 000000000010001 |
| 438   |   0   | 0004 | 001f | 000000000000100 |
| 439   |   0   | 0011 | 001f | 000000000000101 |
| 440   |   0   | 0011 | 0020 | 000000000000110 |
| 441   |   0   | 0064 | 0020 | 000000000000111 |
| 442   |   0   | 0064 | ffbc | 000000000001000 |
| 443   |   0   | 0012 | ffbc | 000000000001001 |
| 444   |   0   | 0012 | ffbc | 000000000001010 |
| 445   |   0   | 0011 | ffbc | 000000000001011 |
| 446   |   0   | 0011 | 0020 | 000000000001100 |
| 447   |   0   | 0010 | 0020 | 000000000001101 |
| 448   |   0   | 0010 | 0020 | 000000000001110 |
| 449   |   0   | 0011 | 0020 | 000000000001111 |
| 450   |   0   | 0011 | 0020 | 000000000010000 |
| 451   |   0   | 0004 | 0020 | 000000000010001 |
| 452   |   0   | 0004 | 0020 | 000000000000100 |
| 453   |   0   | 0011 | 0020 | 000000000000101 |
| 454   |   0   | 0011 | 0021 | 000000000000110 |
| 455   |   0   | 0064 | 0021 | 000000000000111 |
| 456   |   0   | 0064 | ffbd | 000000000001000 |
| 457   |   0   | 0012 | ffbd | 000000000001001 |
| 458   |   0   | 0012 | ffbd | 000000000001010 |
| 459   |   0   | 0011 | ffbd | 000000000001011 |
| 460   |   0   | 0011 | 0021 | 000000000001100 |
| 461   |   0   | 0010 | 0021 | 000000000001101 |
| 462   |   0   | 0010 | 0021 | 000000000001110 |
| 463   |   0   | 0011 | 0021 | 000000000001111 |
| 464   |   0   | 0011 | 0021 | 000000000010000 |
| 465   |   0   | 0004 | 0021 | 000000000010001 |
| 466   |   0   | 0004 | 0021 | 000000000000100 |
| 467   |   0   | 0011 | 0021 | 000000000000101 |
| 468   |   0   | 0011 | 0022 | 000000000000110 |
| 469   |   0   | 0064 | 0022 | 000000000000111 |
| 470   |   0   | 0064 | ffbe | 000000000001000 |
| 471   |   0   | 0012 | ffbe | 000000000001001 |
| 472   |   0   | 0012 | ffbe | 000000000001010 |
| 473   |   0   | 0011 | ffbe | 000000000001011 |
| 474   |   0   | 0011 | 0022 | 000000000001100 |
| 475   |   0   | 0010 | 0022 | 000000000001101 |
| 476   |   0   | 0010 | 0022 | 000000000001110 |
| 477   |   0   | 0011 | 0022 | 000000000001111 |
| 478   |   0   | 0011 | 0022 | 000000000010000 |
| 479   |   0   | 0004 | 0022 | 000000000010001 |
| 480   |   0   | 0004 | 0022 | 000000000000100 |
| 481   |   0   | 0011 | 0022 | 000000000000101 |
| 482   |   0   | 0011 | 0023 | 000000000000110 |
| 483   |   0   | 0064 | 0023 | 000000000000111 |
| 484   |   0   | 0064 | ffbf | 000000000001000 |
| 485   |   0   | 0012 | ffbf | 000000000001001 |
| 486   |   0   | 0012 | ffbf | 000000000001010 |
| 487   |   0   | 0011 | ffbf | 000000000001011 |
| 488   |   0   | 0011 | 0023 | 000000000001100 |
| 489   |   0   | 0010 | 0023 | 000000000001101 |
| 490   |   0   | 0010 | 0023 | 000000000001110 |
| 491   |   0   | 0011 | 0023 | 000000000001111 |
| 492   |   0   | 0011 | 0023 | 000000000010000 |
| 493   |   0   | 0004 | 0023 | 000000000010001 |
| 494   |   0   | 0004 | 0023 | 000000000000100 |
| 495   |   0   | 0011 | 0023 | 000000000000101 |
| 496   |   0   | 0011 | 0024 | 000000000000110 |
| 497   |   0   | 0064 | 0024 | 000000000000111 |
| 498   |   0   | 0064 | ffc0 | 000000000001000 |
| 499   |   0   | 0012 | ffc0 | 000000000001001 |
| 500   |   0   | 0012 | ffc0 | 000000000001010 |
| 501   |   0   | 0011 | ffc0 | 000000000001011 |
| 502   |   0   | 0011 | 0024 | 000000000001100 |
| 503   |   0   | 0010 | 0024 | 000000000001101 |
| 504   |   0   | 0010 | 0024 | 000000000001110 |
| 505   |   0   | 0011 | 0024 | 000000000001111 |
| 506   |   0   | 0011 | 0024 | 000000000010000 |
| 507   |   0   | 0004 | 0024 | 000000000010001 |
| 508   |   0   | 0004 | 0024 | 000000000000100 |
| 509   |   0   | 0011 | 0024 | 000000000000101 |
| 510   |   0   | 0011 | 0025 | 000000000000110 |
| 511   |   0   | 0064 | 0025 | 000000000000111 |
| 512   |   0   | 0064 | ffc1 | 000000000001000 |
| 513   |   0   | 0012 | ffc1 | 000000000001001 |
| 514   |   0   | 0012 | ffc1 | 000000000001010 |
| 515   |   0   | 0011 | ffc1 | 000000000001011 |
| 516   |   0   | 0011 | 0025 | 000000000001100 |
| 517   |   0   | 0010 | 0025 | 000000000001101 |
| 518   |   0   | 0010 | 0025 | 000000000001110 |
| 519   |   0   | 0011 | 0025 | 000000000001111 |
| 520   |   0   | 0011 | 0025 | 000000000010000 |
| 521   |   0   | 0004 | 0025 | 000000000010001 |
| 522   |   0   | 0004 | 0025 | 000000000000100 |
| 523   |   0   | 0011 | 0025 | 000000000000101 |
| 524   |   0   | 0011 | 0026 | 000000000000110 |
| 525   |   0   | 0064 | 0026 | 000000000000111 |
| 526   |   0   | 0064 | ffc2 | 000000000001000 |
| 527   |   0   | 0012 | ffc2 | 000000000001001 |
| 528   |   0   | 0012 | ffc2 | 000000000001010 |
| 529   |   0   | 0011 | ffc2 | 000000000001011 |
| 530   |   0   | 0011 | 0026 | 000000000001100 |
| 531   |   0   | 0010 | 0026 | 000000000001101 |
| 532   |   0   | 0010 | 0026 | 000000000001110 |
| 533   |   0   | 0011 | 0026 | 000000000001111 |
| 534   |   0   | 0011 | 0026 | 000000000010000 |
| 535   |   0   | 0004 | 0026 | 000000000010001 |
| 536   |   0   | 0004 | 0026 | 000000000000100 |
| 537   |   0   | 0011 | 0026 | 000000000000101 |
| 538   |   0   | 0011 | 0027 | 000000000000110 |
| 539   |   0   | 0064 | 0027 | 000000000000111 |
| 540   |   0   | 0064 | ffc3 | 000000000001000 |
| 541   |   0   | 0012 | ffc3 | 000000000001001 |
| 542   |   0   | 0012 | ffc3 | 000000000001010 |
| 543   |   0   | 0011 | ffc3 | 000000000001011 |
| 544   |   0   | 0011 | 0027 | 000000000001100 |
| 545   |   0   | 0010 | 0027 | 000000000001101 |
| 546   |   0   | 0010 | 0027 | 000000000001110 |
| 547   |   0   | 0011 | 0027 | 000000000001111 |
| 548   |   0   | 0011 | 0027 | 000000000010000 |
| 549   |   0   | 0004 | 0027 | 000000000010001 |
| 550   |   0   | 0004 | 0027 | 000000000000100 |
| 551   |   0   | 0011 | 0027 | 000000000000101 |
| 552   |   0   | 0011 | 0028 | 000000000000110 |
| 553   |   0   | 0064 | 0028 | 000000000000111 |
| 554   |   0   | 0064 | ffc4 | 000000000001000 |
| 555   |   0   | 0012 | ffc4 | 000000000001001 |
| 556   |   0   | 0012 | ffc4 | 000000000001010 |
| 557   |   0   | 0011 | ffc4 | 000000000001011 |
| 558   |   0   | 0011 | 0028 | 000000000001100 |
| 559   |   0   | 0010 | 0028 | 000000000001101 |
| 560   |   0   | 0010 | 0028 | 000000000001110 |
| 561   |   0   | 0011 | 0028 | 000000000001111 |
| 562   |   0   | 0011 | 0028 | 000000000010000 |
| 563   |   0   | 0004 | 0028 | 000000000010001 |
| 564   |   0   | 0004 | 0028 | 000000000000100 |
| 565   |   0   | 0011 | 0028 | 000000000000101 |
| 566   |   0   | 0011 | 0029 | 000000000000110 |
| 567   |   0   | 0064 | 0029 | 000000000000111 |
| 568   |   0   | 0064 | ffc5 | 000000000001000 |
| 569   |   0   | 0012 | ffc5 | 000000000001001 |
| 570   |   0   | 0012 | ffc5 | 000000000001010 |
| 571   |   0   | 0011 | ffc5 | 000000000001011 |
| 572   |   0   | 0011 | 0029 | 000000000001100 |
| 573   |   0   | 0010 | 0029 | 000000000001101 |
| 574   |   0   | 0010 | 0029 | 000000000001110 |
| 575   |   0   | 0011 | 0029 | 000000000001111 |
| 576   |   0   | 0011 | 0029 | 000000000010000 |
| 577   |   0   | 0004 | 0029 | 000000000010001 |
| 578   |   0   | 0004 | 0029 | 000000000000100 |
| 579   |   0   | 0011 | 0029 | 000000000000101 |
| 580   |   0   | 0011 | 002a | 000000000000110 |
| 581   |   0   | 0064 | 002a | 000000000000111 |
| 582   |   0   | 0064 | ffc6 | 000000000001000 |
| 583   |   0   | 0012 | ffc6 | 000000000001001 |
| 584   |   0   | 0012 | ffc6 | 000000000001010 |
| 585   |   0   | 0011 | ffc6 | 000000000001011 |
| 586   |   0   | 0011 | 002a | 000000000001100 |
| 587   |   0   | 0010 | 002a | 000000000001101 |
| 588   |   0   | 0010 | 002a | 000000000001110 |
| 589   |   0   | 0011 | 002a | 000000000001111 |
| 590   |   0   | 0011 | 002a | 000000000010000 |
| 591   |   0   | 0004 | 002a | 000000000010001 |
| 592   |   0   | 0004 | 002a | 000000000000100 |
| 593   |   0   | 0011 | 002a | 000000000000101 |
| 594   |   0   | 0011 | 002b | 000000000000110 |
| 595   |   0   | 0064 | 002b | 000000000000111 |
| 596   |   0   | 0064 | ffc7 | 000000000001000 |
| 597   |   0   | 0012 | ffc7 | 000000000001001 |
| 598   |   0   | 0012 | ffc7 | 000000000001010 |
| 599   |   0   | 0011 | ffc7 | 000000000001011 |
| 600   |   0   | 0011 | 002b | 000000000001100 |
| 601   |   0   | 0010 | 002b | 000000000001101 |
| 602   |   0   | 0010 | 002b | 000000000001110 |
| 603   |   0   | 0011 | 002b | 000000000001111 |
| 604   |   0   | 0011 | 002b | 000000000010000 |
| 605   |   0   | 0004 | 002b | 000000000010001 |
| 606   |   0   | 0004 | 002b | 000000000000100 |
| 607   |   0   | 0011 | 002b | 000000000000101 |
| 608   |   0   | 0011 | 002c | 000000000000110 |
| 609   |   0   | 0064 | 002c | 000000000000111 |
| 610   |   0   | 0064 | ffc8 | 000000000001000 |
| 611   |   0   | 0012 | ffc8 | 000000000001001 |
| 612   |   0   | 0012 | ffc8 | 000000000001010 |
| 613   |   0   | 0011 | ffc8 | 000000000001011 |
| 614   |   0   | 0011 | 002c | 000000000001100 |
| 615   |   0   | 0010 | 002c | 000000000001101 |
| 616   |   0   | 0010 | 002c | 000000000001110 |
| 617   |   0   | 0011 | 002c | 000000000001111 |
| 618   |   0   | 0011 | 002c | 000000000010000 |
| 619   |   0   | 0004 | 002c | 000000000010001 |
| 620   |   0   | 0004 | 002c | 000000000000100 |
| 621   |   0   | 0011 | 002c | 000000000000101 |
| 622   |   0   | 0011 | 002d | 000000000000110 |
| 623   |   0   | 0064 | 002d | 000000000000111 |
| 624   |   0   | 0064 | ffc9 | 000000000001000 |
| 625   |   0   | 0012 | ffc9 | 000000000001001 |
| 626   |   0   | 0012 | ffc9 | 000000000001010 |
| 627   |   0   | 0011 | ffc9 | 000000000001011 |
| 628   |   0   | 0011 | 002d | 000000000001100 |
| 629   |   0   | 0010 | 002d | 000000000001101 |
| 630   |   0   | 0010 | 002d | 000000000001110 |
| 631   |   0   | 0011 | 002d | 000000000001111 |
| 632   |   0   | 0011 | 002d | 000000000010000 |
| 633   |   0   | 0004 | 002d | 000000000010001 |
| 634   |   0   | 0004 | 002d | 000000000000100 |
| 635   |   0   | 0011 | 002d | 000000000000101 |
| 636   |   0   | 0011 | 002e | 000000000000110 |
| 637   |   0   | 0064 | 002e | 000000000000111 |
| 638   |   0   | 0064 | ffca | 000000000001000 |
| 639   |   0   | 0012 | ffca | 000000000001001 |
| 640   |   0   | 0012 | ffca | 000000000001010 |
| 641   |   0   | 0011 | ffca | 000000000001011 |
| 642   |   0   | 0011 | 002e | 000000000001100 |
| 643   |   0   | 0010 | 002e | 000000000001101 |
| 644   |   0   | 0010 | 002e | 000000000001110 |
| 645   |   0   | 0011 | 002e | 000000000001111 |
| 646   |   0   | 0011 | 002e | 000000000010000 |
| 647   |   0   | 0004 | 002e | 000000000010001 |
| 648   |   0   | 0004 | 002e | 000000000000100 |
| 649   |   0   | 0011 | 002e | 000000000000101 |
| 650   |   0   | 0011 | 002f | 000000000000110 |
| 651   |   0   | 0064 | 002f | 000000000000111 |
| 652   |   0   | 0064 | ffcb | 000000000001000 |
| 653   |   0   | 0012 | ffcb | 000000000001001 |
| 654   |   0   | 0012 | ffcb | 000000000001010 |
| 655   |   0   | 0011 | ffcb | 000000000001011 |
| 656   |   0   | 0011 | 002f | 000000000001100 |
| 657   |   0   | 0010 | 002f | 000000000001101 |
| 658   |   0   | 0010 | 002f | 000000000001110 |
| 659   |   0   | 0011 | 002f | 000000000001111 |
| 660   |   0   | 0011 | 002f | 000000000010000 |
| 661   |   0   | 0004 | 002f | 000000000010001 |
| 662   |   0   | 0004 | 002f | 000000000000100 |
| 663   |   0   | 0011 | 002f | 000000000000101 |
| 664   |   0   | 0011 | 0030 | 000000000000110 |
| 665   |   0   | 0064 | 0030 | 000000000000111 |
| 666   |   0   | 0064 | ffcc | 000000000001000 |
| 667   |   0   | 0012 | ffcc | 000000000001001 |
| 668   |   0   | 0012 | ffcc | 000000000001010 |
| 669   |   0   | 0011 | ffcc | 000000000001011 |
| 670   |   0   | 0011 | 0030 | 000000000001100 |
| 671   |   0   | 0010 | 0030 | 000000000001101 |
| 672   |   0   | 0010 | 0030 | 000000000001110 |
| 673   |   0   | 0011 | 0030 | 000000000001111 |
| 674   |   0   | 0011 | 0030 | 000000000010000 |
| 675   |   0   | 0004 | 0030 | 000000000010001 |
| 676   |   0   | 0004 | 0030 | 000000000000100 |
| 677   |   0   | 0011 | 0030 | 000000000000101 |
| 678   |   0   | 0011 | 0031 | 000000000000110 |
| 679   |   0   | 0064 | 0031 | 000000000000111 |
| 680   |   0   | 0064 | ffcd | 000000000001000 |
| 681   |   0   | 0012 | ffcd | 000000000001001 |
| 682   |   0   | 0012 | ffcd | 000000000001010 |
| 683   |   0   | 0011 | ffcd | 000000000001011 |
| 684   |   0   | 0011 | 0031 | 000000000001100 |
| 685   |   0   | 0010 | 0031 | 000000000001101 |
| 686   |   0   | 0010 | 0031 | 000000000001110 |
| 687   |   0   | 0011 | 0031 | 000000000001111 |
| 688   |   0   | 0011 | 0031 | 000000000010000 |
| 689   |   0   | 0004 | 0031 | 000000000010001 |
| 690   |   0   | 0004 | 0031 | 000000000000100 |
| 691   |   0   | 0011 | 0031 | 000000000000101 |
| 692   |   0   | 0011 | 0032 | 000000000000110 |
| 693   |   0   | 0064 | 0032 | 000000000000111 |
| 694   |   0   | 0064 | ffce | 000000000001000 |
| 695   |   0   | 0012 | ffce | 000000000001001 |
| 696   |   0   | 0012 | ffce | 000000000001010 |
| 697   |   0   | 0011 | ffce | 000000000001011 |
| 698   |   0   | 0011 | 0032 | 000000000001100 |
| 699   |   0   | 0010 | 0032 | 000000000001101 |
| 700   |   0   | 0010 | 0032 | 000000000001110 |
| 701   |   0   | 0011 | 0032 | 000000000001111 |
| 702   |   0   | 0011 | 0032 | 000000000010000 |
| 703   |   0   | 0004 | 0032 | 000000000010001 |
| 704   |   0   | 0004 | 0032 | 000000000000100 |
| 705   |   0   | 0011 | 0032 | 000000000000101 |
| 706   |   0   | 0011 | 0033 | 000000000000110 |
| 707   |   0   | 0064 | 0033 | 000000000000111 |
| 708   |   0   | 0064 | ffcf | 000000000001000 |
| 709   |   0   | 0012 | ffcf | 000000000001001 |
| 710   |   0   | 0012 | ffcf | 000000000001010 |
| 711   |   0   | 0011 | ffcf | 000000000001011 |
| 712   |   0   | 0011 | 0033 | 000000000001100 |
| 713   |   0   | 0010 | 0033 | 000000000001101 |
| 714   |   0   | 0010 | 0033 | 000000000001110 |
| 715   |   0   | 0011 | 0033 | 000000000001111 |
| 716   |   0   | 0011 | 0033 | 000000000010000 |
| 717   |   0   | 0004 | 0033 | 000000000010001 |
| 718   |   0   | 0004 | 0033 | 000000000000100 |
| 719   |   0   | 0011 | 0033 | 000000000000101 |
| 720   |   0   | 0011 | 0034 | 000000000000110 |
| 721   |   0   | 0064 | 0034 | 000000000000111 |
| 722   |   0   | 0064 | ffd0 | 000000000001000 |
| 723   |   0   | 0012 | ffd0 | 000000000001001 |
| 724   |   0   | 0012 | ffd0 | 000000000001010 |
| 725   |   0   | 0011 | ffd0 | 000000000001011 |
| 726   |   0   | 0011 | 0034 | 000000000001100 |
| 727   |   0   | 0010 | 0034 | 000000000001101 |
| 728   |   0   | 0010 | 0034 | 000000000001110 |
| 729   |   0   | 0011 | 0034 | 000000000001111 |
| 730   |   0   | 0011 | 0034 | 000000000010000 |
| 731   |   0   | 0004 | 0034 | 000000000010001 |
| 732   |   0   | 0004 | 0034 | 000000000000100 |
| 733   |   0   | 0011 | 0034 | 000000000000101 |
| 734   |   0   | 0011 | 0035 | 000000000000110 |
| 735   |   0   | 0064 | 0035 | 000000000000111 |
| 736   |   0   | 0064 | ffd1 | 000000000001000 |
| 737   |   0   | 0012 | ffd1 | 000000000001001 |
| 738   |   0   | 0012 | ffd1 | 000000000001010 |
| 739   |   0   | 0011 | ffd1 | 000000000001011 |
| 740   |   0   | 0011 | 0035 | 000000000001100 |
| 741   |   0   | 0010 | 0035 | 000000000001101 |
| 742   |   0   | 0010 | 0035 | 000000000001110 |
| 743   |   0   | 0011 | 0035 | 000000000001111 |
| 744   |   0   | 0011 | 0035 | 000000000010000 |
| 745   |   0   | 0004 | 0035 | 000000000010001 |
| 746   |   0   | 0004 | 0035 | 000000000000100 |
| 747   |   0   | 0011 | 0035 | 000000000000101 |
| 748   |   0   | 0011 | 0036 | 000000000000110 |
| 749   |   0   | 0064 | 0036 | 000000000000111 |
| 750   |   0   | 0064 | ffd2 | 000000000001000 |
| 751   |   0   | 0012 | ffd2 | 000000000001001 |
| 752   |   0   | 0012 | ffd2 | 000000000001010 |
| 753   |   0   | 0011 | ffd2 | 000000000001011 |
| 754   |   0   | 0011 | 0036 | 000000000001100 |
| 755   |   0   | 0010 | 0036 | 000000000001101 |
| 756   |   0   | 0010 | 0036 | 000000000001110 |
| 757   |   0   | 0011 | 0036 | 000000000001111 |
| 758   |   0   | 0011 | 0036 | 000000000010000 |
| 759   |   0   | 0004 | 0036 | 000000000010001 |
| 760   |   0   | 0004 | 0036 | 000000000000100 |
| 761   |   0   | 0011 | 0036 | 000000000000101 |
| 762   |   0   | 0011 | 0037 | 000000000000110 |
| 763   |   0   | 0064 | 0037 | 000000000000111 |
| 764   |   0   | 0064 | ffd3 | 000000000001000 |
| 765   |   0   | 0012 | ffd3 | 000000000001001 |
| 766   |   0   | 0012 | ffd3 | 000000000001010 |
| 767   |   0   | 0011 | ffd3 | 000000000001011 |
| 768   |   0   | 0011 | 0037 | 000000000001100 |
| 769   |   0   | 0010 | 0037 | 000000000001101 |
| 770   |   0   | 0010 | 0037 | 000000000001110 |
| 771   |   0   | 0011 | 0037 | 000000000001111 |
| 772   |   0   | 0011 | 0037 | 000000000010000 |
| 773   |   0   | 0004 | 0037 | 000000000010001 |
| 774   |   0   | 0004 | 0037 | 000000000000100 |
| 775   |   0   | 0011 | 0037 | 000000000000101 |
| 776   |   0   | 0011 | 0038 | 000000000000110 |
| 777   |   0   | 0064 | 0038 | 000000000000111 |
| 778   |   0   | 0064 | ffd4 | 000000000001000 |
| 779   |   0   | 0012 | ffd4 | 000000000001001 |
| 780   |   0   | 0012 | ffd4 | 000000000001010 |
| 781   |   0   | 0011 | ffd4 | 000000000001011 |
| 782   |   0   | 0011 | 0038 | 000000000001100 |
| 783   |   0   | 0010 | 0038 | 000000000001101 |
| 784   |   0   | 0010 | 0038 | 000000000001110 |
| 785   |   0   | 0011 | 0038 | 000000000001111 |
| 786   |   0   | 0011 | 0038 | 000000000010000 |
| 787   |   0   | 0004 | 0038 | 000000000010001 |
| 788   |   0   | 0004 | 0038 | 000000000000100 |
| 789   |   0   | 0011 | 0038 | 000000000000101 |
| 790   |   0   | 0011 | 0039 | 000000000000110 |
| 791   |   0   | 0064 | 0039 | 000000000000111 |
| 792   |   0   | 0064 | ffd5 | 000000000001000 |
| 793   |   0   | 0012 | ffd5 | 000000000001001 |
| 794   |   0   | 0012 | ffd5 | 000000000001010 |
| 795   |   0   | 0011 | ffd5 | 000000000001011 |
| 796   |   0   | 0011 | 0039 | 000000000001100 |
| 797   |   0   | 0010 | 0039 | 000000000001101 |
| 798   |   0   | 0010 | 0039 | 000000000001110 |
| 799   |   0   | 0011 | 0039 | 000000000001111 |
| 800   |   0   | 0011 | 0039 | 000000000010000 |
| 801   |   0   | 0004 | 0039 | 000000000010001 |
| 802   |   0   | 0004 | 0039 | 000000000000100 |
| 803   |   0   | 0011 | 0039 | 000000000000101 |
| 804   |   0   | 0011 | 003a | 000000000000110 |
| 805   |   0   | 0064 | 003a | 000000000000111 |
| 806   |   0   | 0064 | ffd6 | 000000000001000 |
| 807   |   0   | 0012 | ffd6 | 000000000001001 |
| 808   |   0   | 0012 | ffd6 | 000000000001010 |
| 809   |   0   | 0011 | ffd6 | 000000000001011 |
| 810   |   0   | 0011 | 003a | 000000000001100 |
| 811   |   0   | 0010 | 003a | 000000000001101 |
| 812   |   0   | 0010 | 003a | 000000000001110 |
| 813   |   0   | 0011 | 003a | 000000000001111 |
| 814   |   0   | 0011 | 003a | 000000000010000 |
| 815   |   0   | 0004 | 003a | 000000000010001 |
| 816   |   0   | 0004 | 003a | 000000000000100 |
| 817   |   0   | 0011 | 003a | 000000000000101 |
| 818   |   0   | 0011 | 003b | 000000000000110 |
| 819   |   0   | 0064 | 003b | 000000000000111 |
| 820   |   0   | 0064 | ffd7 | 000000000001000 |
| 821   |   0   | 0012 | ffd7 | 000000000001001 |
| 822   |   0   | 0012 | ffd7 | 000000000001010 |
| 823   |   0   | 0011 | ffd7 | 000000000001011 |
| 824   |   0   | 0011 | 003b | 000000000001100 |
| 825   |   0   | 0010 | 003b | 000000000001101 |
| 826   |   0   | 0010 | 003b | 000000000001110 |
| 827   |   0   | 0011 | 003b | 000000000001111 |
| 828   |   0   | 0011 | 003b | 000000000010000 |
| 829   |   0   | 0004 | 003b | 000000000010001 |
| 830   |   0   | 0004 | 003b | 000000000000100 |
| 831   |   0   | 0011 | 003b | 000000000000101 |
| 832   |   0   | 0011 | 003c | 000000000000110 |
| 833   |   0   | 0064 | 003c | 000000000000111 |
| 834   |   0   | 0064 | ffd8 | 000000000001000 |
| 835   |   0   | 0012 | ffd8 | 000000000001001 |
| 836   |   0   | 0012 | ffd8 | 000000000001010 |
| 837   |   0   | 0011 | ffd8 | 000000000001011 |
| 838   |   0   | 0011 | 003c | 000000000001100 |
| 839   |   0   | 0010 | 003c | 000000000001101 |
| 840   |   0   | 0010 | 003c | 000000000001110 |
| 841   |   0   | 0011 | 003c | 000000000001111 |
| 842   |   0   | 0011 | 003c | 000000000010000 |
| 843   |   0   | 0004 | 003c | 000000000010001 |
| 844   |   0   | 0004 | 003c | 000000000000100 |
| 845   |   0   | 0011 | 003c | 000000000000101 |
| 846   |   0   | 0011 | 003d | 000000000000110 |
| 847   |   0   | 0064 | 003d | 000000000000111 |
| 848   |   0   | 0064 | ffd9 | 000000000001000 |
| 849   |   0   | 0012 | ffd9 | 000000000001001 |
| 850   |   0   | 0012 | ffd9 | 000000000001010 |
| 851   |   0   | 0011 | ffd9 | 000000000001011 |
| 852   |   0   | 0011 | 003d | 000000000001100 |
| 853   |   0   | 0010 | 003d | 000000000001101 |
| 854   |   0   | 0010 | 003d | 000000000001110 |
| 855   |   0   | 0011 | 003d | 000000000001111 |
| 856   |   0   | 0011 | 003d | 000000000010000 |
| 857   |   0   | 0004 | 003d | 000000000010001 |
| 858   |   0   | 0004 | 003d | 000000000000100 |
| 859   |   0   | 0011 | 003d | 000000000000101 |
| 860   |   0   | 0011 | 003e | 000000000000110 |
| 861   |   0   | 0064 | 003e | 000000000000111 |
| 862   |   0   | 0064 | ffda | 000000000001000 |
| 863   |   0   | 0012 | ffda | 000000000001001 |
| 864   |   0   | 0012 | ffda | 000000000001010 |
| 865   |   0   | 0011 | ffda | 000000000001011 |
| 866   |   0   | 0011 | 003e | 000000000001100 |
| 867   |   0   | 0010 | 003e | 000000000001101 |
| 868   |   0   | 0010 | 003e | 000000000001110 |
| 869   |   0   | 0011 | 003e | 000000000001111 |
| 870   |   0   | 0011 | 003e | 000000000010000 |
| 871   |   0   | 0004 | 003e | 000000000010001 |
| 872   |   0   | 0004 | 003e | 000000000000100 |
| 873   |   0   | 0011 | 003e | 000000000000101 |
| 874   |   0   | 0011 | 003f | 000000000000110 |
| 875   |   0   | 0064 | 003f | 000000000000111 |
| 876   |   0   | 0064 | ffdb | 000000000001000 |
| 877   |   0   | 0012 | ffdb | 000000000001001 |
| 878   |   0   | 0012 | ffdb | 000000000001010 |
| 879   |   0   | 0011 | ffdb | 000000000001011 |
| 880   |   0   | 0011 | 003f | 000000000001100 |
| 881   |   0   | 0010 | 003f | 000000000001101 |
| 882   |   0   | 0010 | 003f | 000000000001110 |
| 883   |   0   | 0011 | 003f | 000000000001111 |
| 884   |   0   | 0011 | 003f | 000000000010000 |
| 885   |   0   | 0004 | 003f | 000000000010001 |
| 886   |   0   | 0004 | 003f | 000000000000100 |
| 887   |   0   | 0011 | 003f | 000000000000101 |
| 888   |   0   | 0011 | 0040 | 000000000000110 |
| 889   |   0   | 0064 | 0040 | 000000000000111 |
| 890   |   0   | 0064 | ffdc | 000000000001000 |
| 891   |   0   | 0012 | ffdc | 000000000001001 |
| 892   |   0   | 0012 | ffdc | 000000000001010 |
| 893   |   0   | 0011 | ffdc | 000000000001011 |
| 894   |   0   | 0011 | 0040 | 000000000001100 |
| 895   |   0   | 0010 | 0040 | 000000000001101 |
| 896   |   0   | 0010 | 0040 | 000000000001110 |
| 897   |   0   | 0011 | 0040 | 000000000001111 |
| 898   |   0   | 0011 | 0040 | 000000000010000 |
| 899   |   0   | 0004 | 0040 | 000000000010001 |
| 900   |   0   | 0004 | 0040 | 000000000000100 |
| 901   |   0   | 0011 | 0040 | 000000000000101 |
| 902   |   0   | 0011 | 0041 | 000000000000110 |
| 903   |   0   | 0064 | 0041 | 000000000000111 |
| 904   |   0   | 0064 | ffdd | 000000000001000 |
| 905   |   0   | 0012 | ffdd | 000000000001001 |
| 906   |   0   | 0012 | ffdd | 000000000001010 |
| 907   |   0   | 0011 | ffdd | 000000000001011 |
| 908   |   0   | 0011 | 0041 | 000000000001100 |
| 909   |   0   | 0010 | 0041 | 000000000001101 |
| 910   |   0   | 0010 | 0041 | 000000000001110 |
| 911   |   0   | 0011 | 0041 | 000000000001111 |
| 912   |   0   | 0011 | 0041 | 000000000010000 |
| 913   |   0   | 0004 | 0041 | 000000000010001 |
| 914   |   0   | 0004 | 0041 | 000000000000100 |
| 915   |   0   | 0011 | 0041 | 000000000000101 |
| 916   |   0   | 0011 | 0042 | 000000000000110 |
| 917   |   0   | 0064 | 0042 | 000000000000111 |
| 918   |   0   | 0064 | ffde | 000000000001000 |
| 919   |   0   | 0012 | ffde | 000000000001001 |
| 920   |   0   | 0012 | ffde | 000000000001010 |
| 921   |   0   | 0011 | ffde | 000000000001011 |
| 922   |   0   | 0011 | 0042 | 000000000001100 |
| 923   |   0   | 0010 | 0042 | 000000000001101 |
| 924   |   0   | 0010 | 0042 | 000000000001110 |
| 925   |   0   | 0011 | 0042 | 000000000001111 |
| 926   |   0   | 0011 | 0042 | 000000000010000 |
| 927   |   0   | 0004 | 0042 | 000000000010001 |
| 928   |   0   | 0004 | 0042 | 000000000000100 |
| 929   |   0   | 0011 | 0042 | 000000000000101 |
| 930   |   0   | 0011 | 0043 | 000000000000110 |
| 931   |   0   | 0064 | 0043 | 000000000000111 |
| 932   |   0   | 0064 | ffdf | 000000000001000 |
| 933   |   0   | 0012 | ffdf | 000000000001001 |
| 934   |   0   | 0012 | ffdf | 000000000001010 |
| 935   |   0   | 0011 | ffdf | 000000000001011 |
| 936   |   0   | 0011 | 0043 | 000000000001100 |
| 937   |   0   | 0010 | 0043 | 000000000001101 |
| 938   |   0   | 0010 | 0043 | 000000000001110 |
| 939   |   0   | 0011 | 0043 | 000000000001111 |
| 940   |   0   | 0011 | 0043 | 000000000010000 |
| 941   |   0   | 0004 | 0043 | 000000000010001 |
| 942   |   0   | 0004 | 0043 | 000000000000100 |
| 943   |   0   | 0011 | 0043 | 000000000000101 |
| 944   |   0   | 0011 | 0044 | 000000000000110 |
| 945   |   0   | 0064 | 0044 | 000000000000111 |
| 946   |   0   | 0064 | ffe0 | 000000000001000 |
| 947   |   0   | 0012 | ffe0 | 000000000001001 |
| 948   |   0   | 0012 | ffe0 | 000000000001010 |
| 949   |   0   | 0011 | ffe0 | 000000000001011 |
| 950   |   0   | 0011 | 0044 | 000000000001100 |
| 951   |   0   | 0010 | 0044 | 000000000001101 |
| 952   |   0   | 0010 | 0044 | 000000000001110 |
| 953   |   0   | 0011 | 0044 | 000000000001111 |
| 954   |   0   | 0011 | 0044 | 000000000010000 |
| 955   |   0   | 0004 | 0044 | 000000000010001 |
| 956   |   0   | 0004 | 0044 | 000000000000100 |
| 957   |   0   | 0011 | 0044 | 000000000000101 |
| 958   |   0   | 0011 | 0045 | 000000000000110 |
| 959   |   0   | 0064 | 0045 | 000000000000111 |
| 960   |   0   | 0064 | ffe1 | 000000000001000 |
| 961   |   0   | 0012 | ffe1 | 000000000001001 |
| 962   |   0   | 0012 | ffe1 | 000000000001010 |
| 963   |   0   | 0011 | ffe1 | 000000000001011 |
| 964   |   0   | 0011 | 0045 | 000000000001100 |
| 965   |   0   | 0010 | 0045 | 000000000001101 |
| 966   |   0   | 0010 | 0045 | 000000000001110 |
| 967   |   0   | 0011 | 0045 | 000000000001111 |
| 968   |   0   | 0011 | 0045 | 000000000010000 |
| 969   |   0   | 0004 | 0045 | 000000000010001 |
| 970   |   0   | 0004 | 0045 | 000000000000100 |
| 971   |   0   | 0011 | 0045 | 000000000000101 |
| 972   |   0   | 0011 | 0046 | 000000000000110 |
| 973   |   0   | 0064 | 0046 | 000000000000111 |
| 974   |   0   | 0064 | ffe2 | 000000000001000 |
| 975   |   0   | 0012 | ffe2 | 000000000001001 |
| 976   |   0   | 0012 | ffe2 | 000000000001010 |
| 977   |   0   | 0011 | ffe2 | 000000000001011 |
| 978   |   0   | 0011 | 0046 | 000000000001100 |
| 979   |   0   | 0010 | 0046 | 000000000001101 |
| 980   |   0   | 0010 | 0046 | 000000000001110 |
| 981   |   0   | 0011 | 0046 | 000000000001111 |
| 982   |   0   | 0011 | 0046 | 000000000010000 |
| 983   |   0   | 0004 | 0046 | 000000000010001 |
| 984   |   0   | 0004 | 0046 | 000000000000100 |
| 985   |   0   | 0011 | 0046 | 000000000000101 |
| 986   |   0   | 0011 | 0047 | 000000000000110 |
| 987   |   0   | 0064 | 0047 | 000000000000111 |
| 988   |   0   | 0064 | ffe3 | 000000000001000 |
| 989   |   0   | 0012 | ffe3 | 000000000001001 |
| 990   |   0   | 0012 | ffe3 | 000000000001010 |
| 991   |   0   | 0011 | ffe3 | 000000000001011 |
| 992   |   0   | 0011 | 0047 | 000000000001100 |
| 993   |   0   | 0010 | 0047 | 000000000001101 |
| 994   |   0   | 0010 | 0047 | 000000000001110 |
| 995   |   0   | 0011 | 0047 | 000000000001111 |
| 996   |   0   | 0011 | 0047 | 000000000010000 |
| 997   |   0   | 0004 | 0047 | 000000000010001 |
| 998   |   0   | 0004 | 0047 | 000000000000100 |
| 999   |   0   | 0011 | 0047 | 000000000000101 |
| 1000  |   0   | 0011 | 0048 | 000000000000110 |
| 1001  |   0   | 0064 | 0048 | 000000000000111 |
| 1002  |   0   | 0064 | ffe4 | 000000000001000 |
| 1003  |   0   | 0012 | ffe4 | 000000000001001 |
| 1004  |   0   | 0012 | ffe4 | 000000000001010 |
| 1005  |   0   | 0011 | ffe4 | 000000000001011 |
| 1006  |   0   | 0011 | 0048 | 000000000001100 |
| 1007  |   0   | 0010 | 0048 | 000000000001101 |
| 1008  |   0   | 0010 | 0048 | 000000000001110 |
| 1009  |   0   | 0011 | 0048 | 000000000001111 |
| 1010  |   0   | 0011 | 0048 | 000000000010000 |
| 1011  |   0   | 0004 | 0048 | 000000000010001 |
| 1012  |   0   | 0004 | 0048 | 000000000000100 |
| 1013  |   0   | 0011 | 0048 | 000000000000101 |
| 1014  |   0   | 0011 | 0049 | 000000000000110 |
| 1015  |   0   | 0064 | 0049 | 000000000000111 |
| 1016  |   0   | 0064 | ffe5 | 000000000001000 |
| 1017  |   0   | 0012 | ffe5 | 000000000001001 |
| 1018  |   0   | 0012 | ffe5 | 000000000001010 |
| 1019  |   0   | 0011 | ffe5 | 000000000001011 |
| 1020  |   0   | 0011 | 0049 | 000000000001100 |
| 1021  |   0   | 0010 | 0049 | 000000000001101 |
| 1022  |   0   | 0010 | 0049 | 000000000001110 |
| 1023  |   0   | 0011 | 0049 | 000000000001111 |
| 1024  |   0   | 0011 | 0049 | 000000000010000 |
| 1025  |   0   | 0004 | 0049 | 000000000010001 |
| 1026  |   0   | 0004 | 0049 | 000000000000100 |
| 1027  |   0   | 0011 | 0049 | 000000000000101 |
| 1028  |   0   | 0011 | 004a | 000000000000110 |
| 1029  |   0   | 0064 | 004a | 000000000000111 |
| 1030  |   0   | 0064 | ffe6 | 000000000001000 |
| 1031  |   0   | 0012 | ffe6 | 000000000001001 |
| 1032  |   0   | 0012 | ffe6 | 000000000001010 |
| 1033  |   0   | 0011 | ffe6 | 000000000001011 |
| 1034  |   0   | 0011 | 004a | 000000000001100 |
| 1035  |   0   | 0010 | 004a | 000000000001101 |
| 1036  |   0   | 0010 | 004a | 000000000001110 |
| 1037  |   0   | 0011 | 004a | 000000000001111 |
| 1038  |   0   | 0011 | 004a | 000000000010000 |
| 1039  |   0   | 0004 | 004a | 000000000010001 |
| 1040  |   0   | 0004 | 004a | 000000000000100 |
| 1041  |   0   | 0011 | 004a | 000000000000101 |
| 1042  |   0   | 0011 | 004b | 000000000000110 |
| 1043  |   0   | 0064 | 004b | 000000000000111 |
| 1044  |   0   | 0064 | ffe7 | 000000000001000 |
| 1045  |   0   | 0012 | ffe7 | 000000000001001 |
| 1046  |   0   | 0012 | ffe7 | 000000000001010 |
| 1047  |   0   | 0011 | ffe7 | 000000000001011 |
| 1048  |   0   | 0011 | 004b | 000000000001100 |
| 1049  |   0   | 0010 | 004b | 000000000001101 |
| 1050  |   0   | 0010 | 004b | 000000000001110 |
| 1051  |   0   | 0011 | 004b | 000000000001111 |
| 1052  |   0   | 0011 | 004b | 000000000010000 |
| 1053  |   0   | 0004 | 004b | 000000000010001 |
| 1054  |   0   | 0004 | 004b | 000000000000100 |
| 1055  |   0   | 0011 | 004b | 000000000000101 |
| 1056  |   0   | 0011 | 004c | 000000000000110 |
| 1057  |   0   | 0064 | 004c | 000000000000111 |
| 1058  |   0   | 0064 | ffe8 | 000000000001000 |
| 1059  |   0   | 0012 | ffe8 | 000000000001001 |
| 1060  |   0   | 0012 | ffe8 | 000000000001010 |
| 1061  |   0   | 0011 | ffe8 | 000000000001011 |
| 1062  |   0   | 0011 | 004c | 000000000001100 |
| 1063  |   0   | 0010 | 004c | 000000000001101 |
| 1064  |   0   | 0010 | 004c | 000000000001110 |
| 1065  |   0   | 0011 | 004c | 000000000001111 |
| 1066  |   0   | 0011 | 004c | 000000000010000 |
| 1067  |   0   | 0004 | 004c | 000000000010001 |
| 1068  |   0   | 0004 | 004c | 000000000000100 |
| 1069  |   0   | 0011 | 004c | 000000000000101 |
| 1070  |   0   | 0011 | 004d | 000000000000110 |
| 1071  |   0   | 0064 | 004d | 000000000000111 |
| 1072  |   0   | 0064 | ffe9 | 000000000001000 |
| 1073  |   0   | 0012 | ffe9 | 000000000001001 |
| 1074  |   0   | 0012 | ffe9 | 000000000001010 |
| 1075  |   0   | 0011 | ffe9 | 000000000001011 |
| 1076  |   0   | 0011 | 004d | 000000000001100 |
| 1077  |   0   | 0010 | 004d | 000000000001101 |
| 1078  |   0   | 0010 | 004d | 000000000001110 |
| 1079  |   0   | 0011 | 004d | 000000000001111 |
| 1080  |   0   | 0011 | 004d | 000000000010000 |
| 1081  |   0   | 0004 | 004d | 000000000010001 |
| 1082  |   0   | 0004 | 004d | 000000000000100 |
| 1083  |   0   | 0011 | 004d | 000000000000101 |
| 1084  |   0   | 0011 | 004e | 000000000000110 |
| 1085  |   0   | 0064 | 004e | 000000000000111 |
| 1086  |   0   | 0064 | ffea | 000000000001000 |
| 1087  |   0   | 0012 | ffea | 000000000001001 |
| 1088  |   0   | 0012 | ffea | 000000000001010 |
| 1089  |   0   | 0011 | ffea | 000000000001011 |
| 1090  |   0   | 0011 | 004e | 000000000001100 |
| 1091  |   0   | 0010 | 004e | 000000000001101 |
| 1092  |   0   | 0010 | 004e | 000000000001110 |
| 1093  |   0   | 0011 | 004e | 000000000001111 |
| 1094  |   0   | 0011 | 004e | 000000000010000 |
| 1095  |   0   | 0004 | 004e | 000000000010001 |
| 1096  |   0   | 0004 | 004e | 000000000000100 |
| 1097  |   0   | 0011 | 004e | 000000000000101 |
| 1098  |   0   | 0011 | 004f | 000000000000110 |
| 1099  |   0   | 0064 | 004f | 000000000000111 |
| 1100  |   0   | 0064 | ffeb | 000000000001000 |
| 1101  |   0   | 0012 | ffeb | 000000000001001 |
| 1102  |   0   | 0012 | ffeb | 000000000001010 |
| 1103  |   0   | 0011 | ffeb | 000000000001011 |
| 1104  |   0   | 0011 | 004f | 000000000001100 |
| 1105  |   0   | 0010 | 004f | 000000000001101 |
| 1106  |   0   | 0010 | 004f | 000000000001110 |
| 1107  |   0   | 0011 | 004f | 000000000001111 |
| 1108  |   0   | 0011 | 004f | 000000000010000 |
| 1109  |   0   | 0004 | 004f | 000000000010001 |
| 1110  |   0   | 0004 | 004f | 000000000000100 |
| 1111  |   0   | 0011 | 004f | 000000000000101 |
| 1112  |   0   | 0011 | 0050 | 000000000000110 |
| 1113  |   0   | 0064 | 0050 | 000000000000111 |
| 1114  |   0   | 0064 | ffec | 000000000001000 |
| 1115  |   0   | 0012 | ffec | 000000000001001 |
| 1116  |   0   | 0012 | ffec | 000000000001010 |
| 1117  |   0   | 0011 | ffec | 000000000001011 |
| 1118  |   0   | 0011 | 0050 | 000000000001100 |
| 1119  |   0   | 0010 | 0050 | 000000000001101 |
| 1120  |   0   | 0010 | 0050 | 000000000001110 |
| 1121  |   0   | 0011 | 0050 | 000000000001111 |
| 1122  |   0   | 0011 | 0050 | 000000000010000 |
| 1123  |   0   | 0004 | 0050 | 000000000010001 |
| 1124  |   0   | 0004 | 0050 | 000000000000100 |
| 1125  |   0   | 0011 | 0050 | 000000000000101 |
| 1126  |   0   | 0011 | 0051 | 000000000000110 |
| 1127  |   0   | 0064 | 0051 | 000000000000111 |
| 1128  |   0   | 0064 | ffed | 000000000001000 |
| 1129  |   0   | 0012 | ffed | 000000000001001 |
| 1130  |   0   | 0012 | ffed | 000000000001010 |
| 1131  |   0   | 0011 | ffed | 000000000001011 |
| 1132  |   0   | 0011 | 0051 | 000000000001100 |
| 1133  |   0   | 0010 | 0051 | 000000000001101 |
| 1134  |   0   | 0010 | 0051 | 000000000001110 |
| 1135  |   0   | 0011 | 0051 | 000000000001111 |
| 1136  |   0   | 0011 | 0051 | 000000000010000 |
| 1137  |   0   | 0004 | 0051 | 000000000010001 |
| 1138  |   0   | 0004 | 0051 | 000000000000100 |
| 1139  |   0   | 0011 | 0051 | 000000000000101 |
| 1140  |   0   | 0011 | 0052 | 000000000000110 |
| 1141  |   0   | 0064 | 0052 | 000000000000111 |
| 1142  |   0   | 0064 | ffee | 000000000001000 |
| 1143  |   0   | 0012 | ffee | 000000000001001 |
| 1144  |   0   | 0012 | ffee | 000000000001010 |
| 1145  |   0   | 0011 | ffee | 000000000001011 |
| 1146  |   0   | 0011 | 0052 | 000000000001100 |
| 1147  |   0   | 0010 | 0052 | 000000000001101 |
| 1148  |   0   | 0010 | 0052 | 000000000001110 |
| 1149  |   0   | 0011 | 0052 | 000000000001111 |
| 1150  |   0   | 0011 | 0052 | 000000000010000 |
| 1151  |   0   | 0004 | 0052 | 000000000010001 |
| 1152  |   0   | 0004 | 0052 | 000000000000100 |
| 1153  |   0   | 0011 | 0052 | 000000000000101 |
| 1154  |   0   | 0011 | 0053 | 000000000000110 |
| 1155  |   0   | 0064 | 0053 | 000000000000111 |
| 1156  |   0   | 0064 | ffef | 000000000001000 |
| 1157  |   0   | 0012 | ffef | 000000000001001 |
| 1158  |   0   | 0012 | ffef | 000000000001010 |
| 1159  |   0   | 0011 | ffef | 000000000001011 |
| 1160  |   0   | 0011 | 0053 | 000000000001100 |
| 1161  |   0   | 0010 | 0053 | 000000000001101 |
| 1162  |   0   | 0010 | 0053 | 000000000001110 |
| 1163  |   0   | 0011 | 0053 | 000000000001111 |
| 1164  |   0   | 0011 | 0053 | 000000000010000 |
| 1165  |   0   | 0004 | 0053 | 000000000010001 |
| 1166  |   0   | 0004 | 0053 | 000000000000100 |
| 1167  |   0   | 0011 | 0053 | 000000000000101 |
| 1168  |   0   | 0011 | 0054 | 000000000000110 |
| 1169  |   0   | 0064 | 0054 | 000000000000111 |
| 1170  |   0   | 0064 | fff0 | 000000000001000 |
| 1171  |   0   | 0012 | fff0 | 000000000001001 |
| 1172  |   0   | 0012 | fff0 | 000000000001010 |
| 1173  |   0   | 0011 | fff0 | 000000000001011 |
| 1174  |   0   | 0011 | 0054 | 000000000001100 |
| 1175  |   0   | 0010 | 0054 | 000000000001101 |
| 1176  |   0   | 0010 | 0054 | 000000000001110 |
| 1177  |   0   | 0011 | 0054 | 000000000001111 |
| 1178  |   0   | 0011 | 0054 | 000000000010000 |
| 1179  |   0   | 0004 | 0054 | 000000000010001 |
| 1180  |   0   | 0004 | 0054 | 000000000000100 |
| 1181  |   0   | 0011 | 0054 | 000000000000101 |
| 1182  |   0   | 0011 | 0055 | 000000000000110 |
| 1183  |   0   | 0064 | 0055 | 000000000000111 |
| 1184  |   0   | 0064 | fff1 | 000000000001000 |
| 1185  |   0   | 0012 | fff1 | 000000000001001 |
| 1186  |   0   | 0012 | fff1 | 000000000001010 |
| 1187  |   0   | 0011 | fff1 | 000000000001011 |
| 1188  |   0   | 0011 | 0055 | 000000000001100 |
| 1189  |   0   | 0010 | 0055 | 000000000001101 |
| 1190  |   0   | 0010 | 0055 | 000000000001110 |
| 1191  |   0   | 0011 | 0055 | 000000000001111 |
| 1192  |   0   | 0011 | 0055 | 000000000010000 |
| 1193  |   0   | 0004 | 0055 | 000000000010001 |
| 1194  |   0   | 0004 | 0055 | 000000000000100 |
| 1195  |   0   | 0011 | 0055 | 000000000000101 |
| 1196  |   0   | 0011 | 0056 | 000000000000110 |
| 1197  |   0   | 0064 | 0056 | 000000000000111 |
| 1198  |   0   | 0064 | fff2 | 000000000001000 |
| 1199  |   0   | 0012 | fff2 | 000000000001001 |
| 1200  |   0   | 0012 | fff2 | 000000000001010 |
| 1201  |   0   | 0011 | fff2 | 000000000001011 |
| 1202  |   0   | 0011 | 0056 | 000000000001100 |
| 1203  |   0   | 0010 | 0056 | 000000000001101 |
| 1204  |   0   | 0010 | 0056 | 000000000001110 |
| 1205  |   0   | 0011 | 0056 | 000000000001111 |
| 1206  |   0   | 0011 | 0056 | 000000000010000 |
| 1207  |   0   | 0004 | 0056 | 000000000010001 |
| 1208  |   0   | 0004 | 0056 | 000000000000100 |
| 1209  |   0   | 0011 | 0056 | 000000000000101 |
| 1210  |   0   | 0011 | 0057 | 000000000000110 |
| 1211  |   0   | 0064 | 0057 | 000000000000111 |
| 1212  |   0   | 0064 | fff3 | 000000000001000 |
| 1213  |   0   | 0012 | fff3 | 000000000001001 |
| 1214  |   0   | 0012 | fff3 | 000000000001010 |
| 1215  |   0   | 0011 | fff3 | 000000000001011 |
| 1216  |   0   | 0011 | 0057 | 000000000001100 |
| 1217  |   0   | 0010 | 0057 | 000000000001101 |
| 1218  |   0   | 0010 | 0057 | 000000000001110 |
| 1219  |   0   | 0011 | 0057 | 000000000001111 |
| 1220  |   0   | 0011 | 0057 | 000000000010000 |
| 1221  |   0   | 0004 | 0057 | 000000000010001 |
| 1222  |   0   | 0004 | 0057 | 000000000000100 |
| 1223  |   0   | 0011 | 0057 | 000000000000101 |
| 1224  |   0   | 0011 | 0058 | 000000000000110 |
| 1225  |   0   | 0064 | 0058 | 000000000000111 |
| 1226  |   0   | 0064 | fff4 | 000000000001000 |
| 1227  |   0   | 0012 | fff4 | 000000000001001 |
| 1228  |   0   | 0012 | fff4 | 000000000001010 |
| 1229  |   0   | 0011 | fff4 | 000000000001011 |
| 1230  |   0   | 0011 | 0058 | 000000000001100 |
| 1231  |   0   | 0010 | 0058 | 000000000001101 |
| 1232  |   0   | 0010 | 0058 | 000000000001110 |
| 1233  |   0   | 0011 | 0058 | 000000000001111 |
| 1234  |   0   | 0011 | 0058 | 000000000010000 |
| 1235  |   0   | 0004 | 0058 | 000000000010001 |
| 1236  |   0   | 0004 | 0058 | 000000000000100 |
| 1237  |   0   | 0011 | 0058 | 000000000000101 |
| 1238  |   0   | 0011 | 0059 | 000000000000110 |
| 1239  |   0   | 0064 | 0059 | 000000000000111 |
| 1240  |   0   | 0064 | fff5 | 000000000001000 |
| 1241  |   0   | 0012 | fff5 | 000000000001001 |
| 1242  |   0   | 0012 | fff5 | 000000000001010 |
| 1243  |   0   | 0011 | fff5 | 000000000001011 |
| 1244  |   0   | 0011 | 0059 | 000000000001100 |
| 1245  |   0   | 0010 | 0059 | 000000000001101 |
| 1246  |   0   | 0010 | 0059 | 000000000001110 |
| 1247  |   0   | 0011 | 0059 | 000000000001111 |
| 1248  |   0   | 0011 | 0059 | 000000000010000 |
| 1249  |   0   | 0004 | 0059 | 000000000010001 |
| 1250  |   0   | 0004 | 0059 | 000000000000100 |
| 1251  |   0   | 0011 | 0059 | 000000000000101 |
| 1252  |   0   | 0011 | 005a | 000000000000110 |
| 1253  |   0   | 0064 | 005a | 000000000000111 |
| 1254  |   0   | 0064 | fff6 | 000000000001000 |
| 1255  |   0   | 0012 | fff6 | 000000000001001 |
| 1256  |   0   | 0012 | fff6 | 000000000001010 |
| 1257  |   0   | 0011 | fff6 | 000000000001011 |
| 1258  |   0   | 0011 | 005a | 000000000001100 |
| 1259  |   0   | 0010 | 005a | 000000000001101 |
| 1260  |   0   | 0010 | 005a | 000000000001110 |
| 1261  |   0   | 0011 | 005a | 000000000001111 |
| 1262  |   0   | 0011 | 005a | 000000000010000 |
| 1263  |   0   | 0004 | 005a | 000000000010001 |
| 1264  |   0   | 0004 | 005a | 000000000000100 |
| 1265  |   0   | 0011 | 005a | 000000000000101 |
| 1266  |   0   | 0011 | 005b | 000000000000110 |
| 1267  |   0   | 0064 | 005b | 000000000000111 |
| 1268  |   0   | 0064 | fff7 | 000000000001000 |
| 1269  |   0   | 0012 | fff7 | 000000000001001 |
| 1270  |   0   | 0012 | fff7 | 000000000001010 |
| 1271  |   0   | 0011 | fff7 | 000000000001011 |
| 1272  |   0   | 0011 | 005b | 000000000001100 |
| 1273  |   0   | 0010 | 005b | 000000000001101 |
| 1274  |   0   | 0010 | 005b | 000000000001110 |
| 1275  |   0   | 0011 | 005b | 000000000001111 |
| 1276  |   0   | 0011 | 005b | 000000000010000 |
| 1277  |   0   | 0004 | 005b | 000000000010001 |
| 1278  |   0   | 0004 | 005b | 000000000000100 |
| 1279  |   0   | 0011 | 005b | 000000000000101 |
| 1280  |   0   | 0011 | 005c | 000000000000110 |
| 1281  |   0   | 0064 | 005c | 000000000000111 |
| 1282  |   0   | 0064 | fff8 | 000000000001000 |
| 1283  |   0   | 0012 | fff8 | 000000000001001 |
| 1284  |   0   | 0012 | fff8 | 000000000001010 |
| 1285  |   0   | 0011 | fff8 | 000000000001011 |
| 1286  |   0   | 0011 | 005c | 000000000001100 |
| 1287  |   0   | 0010 | 005c | 000000000001101 |
| 1288  |   0   | 0010 | 005c | 000000000001110 |
| 1289  |   0   | 0011 | 005c | 000000000001111 |
| 1290  |   0   | 0011 | 005c | 000000000010000 |
| 1291  |   0   | 0004 | 005c | 000000000010001 |
| 1292  |   0   | 0004 | 005c | 000000000000100 |
| 1293  |   0   | 0011 | 005c | 000000000000101 |
| 1294  |   0   | 0011 | 005d | 000000000000110 |
| 1295  |   0   | 0064 | 005d | 000000000000111 |
| 1296  |   0   | 0064 | fff9 | 000000000001000 |
| 1297  |   0   | 0012 | fff9 | 000000000001001 |
| 1298  |   0   | 0012 | fff9 | 000000000001010 |
| 1299  |   0   | 0011 | fff9 | 000000000001011 |
| 1300  |   0   | 0011 | 005d | 000000000001100 |
| 1301  |   0   | 0010 | 005d | 000000000001101 |
| 1302  |   0   | 0010 | 005d | 000000000001110 |
| 1303  |   0   | 0011 | 005d | 000000000001111 |
| 1304  |   0   | 0011 | 005d | 000000000010000 |
| 1305  |   0   | 0004 | 005d | 000000000010001 |
| 1306  |   0   | 0004 | 005d | 000000000000100 |
| 1307  |   0   | 0011 | 005d | 000000000000101 |
| 1308  |   0   | 0011 | 005e | 000000000000110 |
| 1309  |   0   | 0064 | 005e | 000000000000111 |
| 1310  |   0   | 0064 | fffa | 000000000001000 |
| 1311  |   0   | 0012 | fffa | 000000000001001 |
| 1312  |   0   | 0012 | fffa | 000000000001010 |
| 1313  |   0   | 0011 | fffa | 000000000001011 |
| 1314  |   0   | 0011 | 005e | 000000000001100 |
| 1315  |   0   | 0010 | 005e | 000000000001101 |
| 1316  |   0   | 0010 | 005e | 000000000001110 |
| 1317  |   0   | 0011 | 005e | 000000000001111 |
| 1318  |   0   | 0011 | 005e | 000000000010000 |
| 1319  |   0   | 0004 | 005e | 000000000010001 |
| 1320  |   0   | 0004 | 005e | 000000000000100 |
| 1321  |   0   | 0011 | 005e | 000000000000101 |
| 1322  |   0   | 0011 | 005f | 000000000000110 |
| 1323  |   0   | 0064 | 005f | 000000000000111 |
| 1324  |   0   | 0064 | fffb | 000000000001000 |
| 1325  |   0   | 0012 | fffb | 000000000001001 |
| 1326  |   0   | 0012 | fffb | 000000000001010 |
| 1327  |   0   | 0011 | fffb | 000000000001011 |
| 1328  |   0   | 0011 | 005f | 000000000001100 |
| 1329  |   0   | 0010 | 005f | 000000000001101 |
| 1330  |   0   | 0010 | 005f | 000000000001110 |
| 1331  |   0   | 0011 | 005f | 000000000001111 |
| 1332  |   0   | 0011 | 005f | 000000000010000 |
| 1333  |   0   | 0004 | 005f | 000000000010001 |
| 1334  |   0   | 0004 | 005f | 000000000000100 |
| 1335  |   0   | 0011 | 005f | 000000000000101 |
| 1336  |   0   | 0011 | 0060 | 000000000000110 |
| 1337  |   0   | 0064 | 0060 | 000000000000111 |
| 1338  |   0   | 0064 | fffc | 000000000001000 |
| 1339  |   0   | 0012 | fffc | 000000000001001 |
| 1340  |   0   | 0012 | fffc | 000000000001010 |
| 1341  |   0   | 0011 | fffc | 000000000001011 |
| 1342  |   0   | 0011 | 0060 | 000000000001100 |
| 1343  |   0   | 0010 | 0060 | 000000000001101 |
| 1344  |   0   | 0010 | 0060 | 000000000001110 |
| 1345  |   0   | 0011 | 0060 | 000000000001111 |
| 1346  |   0   | 0011 | 0060 | 000000000010000 |
| 1347  |   0   | 0004 | 0060 | 000000000010001 |
| 1348  |   0   | 0004 | 0060 | 000000000000100 |
| 1349  |   0   | 0011 | 0060 | 000000000000101 |
| 1350  |   0   | 0011 | 0061 | 000000000000110 |
| 1351  |   0   | 0064 | 0061 | 000000000000111 |
| 1352  |   0   | 0064 | fffd | 000000000001000 |
| 1353  |   0   | 0012 | fffd | 000000000001001 |
| 1354  |   0   | 0012 | fffd | 000000000001010 |
| 1355  |   0   | 0011 | fffd | 000000000001011 |
| 1356  |   0   | 0011 | 0061 | 000000000001100 |
| 1357  |   0   | 0010 | 0061 | 000000000001101 |
| 1358  |   0   | 0010 | 0061 | 000000000001110 |
| 1359  |   0   | 0011 | 0061 | 000000000001111 |
| 1360  |   0   | 0011 | 0061 | 000000000010000 |
| 1361  |   0   | 0004 | 0061 | 000000000010001 |
| 1362  |   0   | 0004 | 0061 | 000000000000100 |
| 1363  |   0   | 0011 | 0061 | 000000000000101 |
| 1364  |   0   | 0011 | 0062 | 000000000000110 |
| 1365  |   0   | 0064 | 0062 | 000000000000111 |
| 1366  |   0   | 0064 | fffe | 000000000001000 |
| 1367  |   0   | 0012 | fffe | 000000000001001 |
| 1368  |   0   | 0012 | fffe | 000000000001010 |
| 1369  |   0   | 0011 | fffe | 000000000001011 |
| 1370  |   0   | 0011 | 0062 | 000000000001100 |
| 1371  |   0   | 0010 | 0062 | 000000000001101 |
| 1372  |   0   | 0010 | 0062 | 000000000001110 |
| 1373  |   0   | 0011 | 0062 | 000000000001111 |
| 1374  |   0   | 0011 | 0062 | 000000000010000 |
| 1375  |   0   | 0004 | 0062 | 000000000010001 |
| 1376  |   0   | 0004 | 0062 | 000000000000100 |
| 1377  |   0   | 0011 | 0062 | 000000000000101 |
| 1378  |   0   | 0011 | 0063 | 000000000000110 |
| 1379  |   0   | 0064 | 0063 | 000000000000111 |
| 1380  |   0   | 0064 | ffff | 000000000001000 |
| 1381  |   0   | 0012 | ffff | 000000000001001 |
| 1382  |   0   | 0012 | ffff | 000000000001010 |
| 1383  |   0   | 0011 | ffff | 000000000001011 |
| 1384  |   0   | 0011 | 0063 | 000000000001100 |
| 1385  |   0   | 0010 | 0063 | 000000000001101 |
| 1386  |   0   | 0010 | 0063 | 000000000001110 |
| 1387  |   0   | 0011 | 0063 | 000000000001111 |
| 1388  |   0   | 0011 | 0063 | 000000000010000 |
| 1389  |   0   | 0004 | 0063 | 000000000010001 |
| 1390  |   0   | 0004 | 0063 | 000000000000100 |
| 1391  |   0   | 0011 | 0063 | 000000000000101 |
| 1392  |   0   | 0011 | 0064 | 000000000000110 |
| 1393  |   0   | 0064 | 0064 | 000000000000111 |
| 1394  |   0   | 0064 | 0000 | 000000000001000 |
| 1395  |   0   | 0012 | 0000 | 000000000001001 |
| 1396  |   0   | 0012 | 0000 | 000000000010010 |
| 1397  |   0   | 0012 | 0000 | 000000000010011 |
| 1398  |   0   | 0012 | 0000 | 000000000010010 |
| 1399  |   0   | 0012 | 0000 | 000000000010011 |
| 1400  |   0   | 0012 | 0000 | 000000000010010 |
| 1401  |   0   | 0012 | 0000 | 000000000010011 |
| 1402  |   0   | 0012 | 0000 | 000000000010010 |
| 1403  |   0   | 0012 | 0000 | 000000000010011 |
| 1404  |   0   | 0012 | 0000 | 000000000010010 |
| 1405  |   0   | 0012 | 0000 | 000000000010011 |
| 1406  |   0   | 0012 | 0000 | 000000000010010 |
| 1407  |   0   | 0012 | 0000 | 000000000010011 |
| 1408  |   0   | 0012 | 0000 | 000000000010010 |
| 1409  |   0   | 0012 | 0000 | 000000000010011 |
| 1410  |   0   | 0012 | 0000 | 000000000010010 |
| 1411  |   0   | 0012 | 0000 | 000000000010011 |
| 1412  |   0   | 0012 | 0000 | 000000000010010 |
| 1413  |   0   | 0012 | 0000 | 000000000010011 |
| 1414  |   0   | 0012 | 0000 | 000000000010010 |
| 1415  |   0   | 0012 | 0000 | 000000000010011 |
| 1416  |   0   | 0012 | 0000 | 000000000010010 |
| 1417  |   0   | 0012 | 0000 | 000000000010011 |
| 1418  |   0   | 0012 | 0000 | 000000000010010 |
| 1419  |   0   | 0012 | 0000 | 000000000010011 |
| 1420  |   0   | 0012 | 0000 | 000000000010010 |
| 1421  |   0   | 0012 | 0000 | 000000000010011 |
| 1422  |   0   | 0012 | 0000 | 000000000010010 |
| 1423  |   0   | 0012 | 0000 | 000000000010011 |
| 1424  |   0   | 0012 | 0000 | 000000000010010 |
| 1425  |   0   | 0012 | 0000 | 000000000010011 |
| 1426  |   0   | 0012 | 0000 | 000000000010010 |
| 1427  |   0   | 0012 | 0000 | 000000000010011 |
| 1428  |   0   | 0012 | 0000 | 000000000010010 |
| 1429  |   0   | 0012 | 0000 | 000000000010011 |
| 1430  |   0   | 0012 | 0000 | 000000000010010 |
| 1431  |   0   | 0012 | 0000 | 000000000010011 |
| 1432  |   0   | 0012 | 0000 | 000000000010010 |
| 1433  |   0   | 0012 | 0000 | 000000000010011 |
| 1434  |   0   | 0012 | 0000 | 000000000010010 |
| 1435  |   0   | 0012 | 0000 | 000000000010011 |
| 1436  |   0   | 0012 | 0000 | 000000000010010 |
| 1437  |   0   | 0012 | 0000 | 000000000010011 |
| 1438  |   0   | 0012 | 0000 | 000000000010010 |
| 1439  |   0   | 0012 | 0000 | 000000000010011 |
| 1440  |   0   | 0012 | 0000 | 000000000010010 |
| 1441  |   0   | 0012 | 0000 | 000000000010011 |
| 1442  |   0   | 0012 | 0000 | 000000000010010 |
| 1443  |   0   | 0012 | 0000 | 000000000010011 |
| 1444  |   0   | 0012 | 0000 | 000000000010010 |
| 1445  |   0   | 0012 | 0000 | 000000000010011 |
| 1446  |   0   | 0012 | 0000 | 000000000010010 |
| 1447  |   0   | 0012 | 0000 | 000000000010011 |
| 1448  |   0   | 0012 | 0000 | 000000000010010 |
| 1449  |   0   | 0012 | 0000 | 000000000010011 |
| 1450  |   0   | 0012 | 0000 | 000000000010010 |
| 1451  |   0   | 0012 | 0000 | 000000000010011 |
| 1452  |   0   | 0012 | 0000 | 000000000010010 |
| 1453  |   0   | 0012 | 0000 | 000000000010011 |
| 1454  |   0   | 0012 | 0000 | 000000000010010 |
| 1455  |   0   | 0012 | 0000 | 000000000010011 |
| 1456  |   0   | 0012 | 0000 | 000000000010010 |
| 1457  |   0   | 0012 | 0000 | 000000000010011 |
| 1458  |   0   | 0012 | 0000 | 000000000010010 |
| 1459  |   0   | 0012 | 0000 | 000000000010011 |
| 1460  |   0   | 0012 | 0000 | 000000000010010 |
| 1461  |   0   | 0012 | 0000 | 000000000010011 |
| 1462  |   0   | 0012 | 0000 | 000000000010010 |
| 1463  |   0   | 0012 | 0000 | 000000000010011 |
| 1464  |   0   | 0012 | 0000 | 000000000010010 |
| 1465  |   0   | 0012 | 0000 | 000000000010011 |
| 1466  |   0   | 0012 | 0000 | 000000000010010 |
| 1467  |   0   | 0012 | 0000 | 000000000010011 |
| 1468  |   0   | 0012 | 0000 | 000000000010010 |
| 1469  |   0   | 0012 | 0000 | 000000000010011 |
| 1470  |   0   | 0012 | 0000 | 000000000010010 |
| 1471  |   0   | 0012 | 0000 | 000000000010011 |
| 1472  |   0   | 0012 | 0000 | 000000000010010 |
| 1473  |   0   | 0012 | 0000 | 000000000010011 |
| 1474  |   0   | 0012 | 0000 | 000000000010010 |
| 1475  |   0   | 0012 | 0000 | 000000000010011 |
| 1476  |   0   | 0012 | 0000 | 000000000010010 |
| 1477  |   0   | 0012 | 0000 | 000000000010011 |
| 1478  |   0   | 0012 | 0000 | 000000000010010 |
| 1479  |   0   | 0012 | 0000 | 000000000010011 |
| 1480  |   0   | 0012 | 0000 | 000000000010010 |
| 1481  |   0   | 0012 | 0000 | 000000000010011 |
| 1482  |   0   | 0012 | 0000 | 000000000010010 |
| 1483  |   0   | 0012 | 0000 | 000000000010011 |
| 1484  |   0   | 0012 | 0000 | 000000000010010 |
| 1485  |   0   | 0012 | 0000 | 000000000010011 |
| 1486  |   0   | 0012 | 0000 | 000000000010010 |
| 1487  |   0   | 0012 | 0000 | 000000000010011 |
| 1488  |   0   | 0012 | 0000 | 000000000010010 |
| 1489  |   0   | 0012 | 0000 | 000000000010011 |
| 1490  |   0   | 0012 | 0000 | 000000000010010 |
| 1491  |   0   | 0012 | 0000 | 000000000010011 |
| 1492  |   0   | 0012 | 0000 | 000000000010010 |
| 1493  |   0   | 0012 | 0000 | 000000000010011 |
| 1494  |   0   | 0012 | 0000 | 000000000010010 |
| 1495  |   0   | 0012 | 0000 | 000000000010011 |
| 1496  |   0   | 0012 | 0000 | 000000000010010 |
| 1497  |   0   | 0012 | 0000 | 000000000010011 |
| 1498  |   0   | 0012 | 0000 | 000000000010010 |
| 1499  |   0   | 0012 | 0000 | 000000000010011 |
| 1500  |   0   | 0012 | 0000 | 000000000010010 |
